<?xml version="1.0" encoding="utf-8"?>
<testsuites name="Tutorial.Tests.dll" tests="4" failures="0" time="0.0121352">
  <testsuite name="Tutorial.Tests.dll" tests="4" skipped="0" failures="0" errors="0" time="0.0121352" timestamp="2019-12-31T 06:06:29Z" hostname="executor://xunit/VsTestRunner2/netcoreapp">
    <testcase classname="Tutorial.Tests.PersonTest" name="Tutorial.Tests.PersonTest.Person_fname" file="/Users/kesin/github/csharp-tutorial/tests/Tutorial.Tests/bin/Debug/netcoreapp3.1/Tutorial.Tests.dll" time="0.0040272" />
    <testcase classname="Tutorial.Tests.PersonClassTest" name="Tutorial.Tests.PersonClassTest.PersonClass_ToString" file="/Users/kesin/github/csharp-tutorial/tests/Tutorial.Tests/bin/Debug/netcoreapp3.1/Tutorial.Tests.dll" time="0.0078583" />
    <testcase classname="Tutorial.Tests.PersonTest" name="Tutorial.Tests.PersonTest.Person_Name" file="/Users/kesin/github/csharp-tutorial/tests/Tutorial.Tests/bin/Debug/netcoreapp3.1/Tutorial.Tests.dll" time="0.0001676" />
    <testcase classname="Tutorial.Tests.PersonTest" name="Tutorial.Tests.PersonTest.Person_lname" file="/Users/kesin/github/csharp-tutorial/tests/Tutorial.Tests/bin/Debug/netcoreapp3.1/Tutorial.Tests.dll" time="8.21E-05" />
  </testsuite>
</testsuites>