<?xml version="1.0" ?>
<testsuites disabled="0" errors="0" failures="0" tests="9" time="52.68425178527832">
	<testsuite disabled="0" errors="0" failures="0" name="test-playbook" skipped="1" tests="9" time="52.68425178527832">
		<testcase classname="/home/runner/work/sakura_cloud_sandbox/sakura_cloud_sandbox/test-playbook.yml:6" name="[ubuntu] Check for python2.7: install python 2 _raw_params=test -e /usr/bin/python || (apt -y update &amp;&amp; apt install -y python-minimal)" time="5.738476">
			<system-out>{
&quot;changed&quot;: false,
&quot;rc&quot;: 0,
&quot;stderr&quot;: &quot;Warning: Permanently added '[localhost]:32768' (ECDSA) to the list of known hosts.\r\nShared connection to localhost closed.\r\n&quot;,
&quot;stderr_lines&quot;: [
&quot;Warning: Permanently added '[localhost]:32768' (ECDSA) to the list of known hosts.&quot;,
&quot;Shared connection to localhost closed.&quot;
],
&quot;stdout&quot;: &quot;\u001b[33m\r0% [Working]\u001b[0m\r            \rHit:1 http://security.ubuntu.com/ubuntu bionic-security InRelease\r\n\u001b[33m\r0% [Connecting to archive.ubuntu.com (91.189.88.24)]\u001b[0m\u001b[33m\r0% [1 InRelease gpgv 88.7 kB] [Connecting to archive.ubuntu.com (91.189.88.24)]\u001b[0m\u001b[33m\r                                                                               \r0% [Waiting for headers]\u001b[0m\r                        \rHit:2 http://archive.ubuntu.com/ubuntu bionic InRelease\r\n\u001b[33m\r                        \r0% [Working]\u001b[0m\u001b[33m\r0% [2 InRelease gpgv 242 kB] [Waiting for headers]\u001b[0m\r                                                  \rHit:3 http://archive.ubuntu.com/ubuntu bionic-updates InRelease\r\n\u001b[33m\r0% [2 InRelease gpgv 242 kB] [Waiting for headers]\u001b[0m\u001b[33m\r                                                  \r0% [Waiting for headers]\u001b[0m\u001b[33m\r0% [3 InRelease gpgv 88.7 kB] [Waiting for headers]\u001b[0m\r                                                   \rHit:4 http://archive.ubuntu.com/ubuntu bionic-backports InRelease\r\n\u001b[33m\r                                                   \r0% [3 InRelease gpgv 88.7 kB]\u001b[0m\u001b[33m\r                             \r0% [Working]\u001b[0m\u001b[33m\r0% [4 InRelease gpgv 74.6 kB]\u001b[0m\u001b[33m\r                             \r20% [Working]\u001b[0m\r             \r\rReading package lists... 0%\r\rReading package lists... 0%\r\rReading package lists... 0%\r\rReading package lists... 7%\r\rReading package lists... 7%\r\rReading package lists... 7%\r\rReading package lists... 7%\r\rReading package lists... 70%\r\rReading package lists... 70%\r\rReading package lists... 71%\r\rReading package lists... 71%\r\rReading package lists... 78%\r\rReading package lists... 78%\r\rReading package lists... 78%\r\rReading package lists... 78%\r\rReading package lists... 82%\r\rReading package lists... 88%\r\rReading package lists... 88%\r\rReading package lists... 88%\r\rReading package lists... 88%\r\rReading package lists... 88%\r\rReading package lists... 88%\r\rReading package lists... 88%\r\rReading package lists... 88%\r\rReading package lists... 93%\r\rReading package lists... 93%\r\rReading package lists... 93%\r\rReading package lists... 93%\r\rReading package lists... 99%\r\rReading package lists... 99%\r\rReading package lists... 99%\r\rReading package lists... 99%\r\rReading package lists... Done\r\r\n\rBuilding dependency tree... 0%\r\rBuilding dependency tree... 0%\r\rBuilding dependency tree... 0%\r\rBuilding dependency tree... 50%\r\rBuilding dependency tree... 50%\r\rBuilding dependency tree       \r\r\n\rReading state information... 0%\r\rReading state information... 1%\r\rReading state information... Done\r\r\nAll packages are up to date.\r\n\rReading package lists... 0%\r\rReading package lists... 0%\r\rReading package lists... 0%\r\rReading package lists... 7%\r\rReading package lists... 7%\r\rReading package lists... 7%\r\rReading package lists... 7%\r\rReading package lists... 70%\r\rReading package lists... 70%\r\rReading package lists... 71%\r\rReading package lists... 71%\r\rReading package lists... 78%\r\rReading package lists... 78%\r\rReading package lists... 78%\r\rReading package lists... 78%\r\rReading package lists... 79%\r\rReading package lists... 88%\r\rReading package lists... 88%\r\rReading package lists... 88%\r\rReading package lists... 88%\r\rReading package lists... 88%\r\rReading package lists... 88%\r\rReading package lists... 88%\r\rReading package lists... 88%\r\rReading package lists... 93%\r\rReading package lists... 93%\r\rReading package lists... 93%\r\rReading package lists... 93%\r\rReading package lists... 99%\r\rReading package lists... 99%\r\rReading package lists... 99%\r\rReading package lists... 99%\r\rReading package lists... Done\r\r\n\rBuilding dependency tree... 0%\r\rBuilding dependency tree... 0%\r\rBuilding dependency tree... 50%\r\rBuilding dependency tree... 50%\r\rBuilding dependency tree       \r\r\n\rReading state information... 0%\r\rReading state information... 1%\r\rReading state information... Done\r\r\nThe following additional packages will be installed:\r\n  libpython-stdlib libpython2.7-minimal libpython2.7-stdlib python python2.7\r\n  python2.7-minimal\r\nSuggested packages:\r\n  python-doc python-tk python2.7-doc binutils binfmt-support\r\nThe following NEW packages will be installed:\r\n  libpython-stdlib libpython2.7-minimal libpython2.7-stdlib python\r\n  python-minimal python2.7 python2.7-minimal\r\n0 upgraded, 7 newly installed, 0 to remove and 0 not upgraded.\r\nNeed to get 3968 kB of archives.\r\nAfter this operation, 16.8 MB of additional disk space will be used.\r\n\u001b[33m\r0% [Working]\u001b[0m\r            \rGet:1 http://archive.ubuntu.com/ubuntu bionic-updates/main amd64 libpython2.7-minimal amd64 2.7.17-1~18.04 [335 kB]\r\n\u001b[33m\r0% [1 libpython2.7-minimal 14.0 kB/335 kB 4%]\u001b[0m\u001b[33m\r                                             \r10% [Working]\u001b[0m\r             \rGet:2 http://archive.ubuntu.com/ubuntu bionic-updates/main amd64 python2.7-minimal amd64 2.7.17-1~18.04 [1294 kB]\r\n\u001b[33m\r10% [2 python2.7-minimal 12.3 kB/1294 kB 1%]\u001b[0m\u001b[33m\r                                            \r39% [Working]\u001b[0m\r             \rGet:3 http://archive.ubuntu.com/ubuntu bionic/main amd64 python-minimal amd64 2.7.15~rc1-1 [28.1 kB]\r\n\u001b[33m\r39% [3 python-minimal 346 B/28.1 kB 1%]\u001b[0m\u001b[33m\r                                       \r42% [Working]\u001b[0m\r             \rGet:4 http://archive.ubuntu.com/ubuntu bionic-updates/main amd64 libpython2.7-stdlib amd64 2.7.17-1~18.04 [1915 kB]\r\n\u001b[33m\r42% [4 libpython2.7-stdlib 1981 B/1915 kB 0%]\u001b[0m\u001b[33m\r                                             \r83% [Waiting for headers]\u001b[0m\r                         \rGet:5 http://archive.ubuntu.com/ubuntu bionic-updates/main amd64 python2.7 amd64 2.7.17-1~18.04 [248 kB]\r\n\u001b[33m\r85% [5 python2.7 63.0 kB/248 kB 25%]\u001b[0m\u001b[33m\r                                    \r91% [Working]\u001b[0m\r             \rGet:6 http://archive.ubuntu.com/ubuntu bionic/main amd64 libpython-stdlib amd64 2.7.15~rc1-1 [7620 B]\r\n\r             \rGet:7 http://archive.ubuntu.com/ubuntu bionic/main amd64 python amd64 2.7.15~rc1-1 [140 kB]\r\n\u001b[33m\r96% [7 python 101 kB/140 kB 72%]\u001b[0m\u001b[33m\r                                \r100% [Working]\u001b[0m\r              \rFetched 3968 kB in 1s (4263 kB/s)\r\ndebconf: delaying package configuration, since apt-utils is not installed\r\nSelecting previously unselected package libpython2.7-minimal:amd64.\r\n(Reading database ... \r(Reading database ... 5%\r(Reading database ... 10%\r(Reading database ... 15%\r(Reading database ... 20%\r(Reading database ... 25%\r(Reading database ... 30%\r(Reading database ... 35%\r(Reading database ... 40%\r(Reading database ... 45%\r(Reading database ... 50%\r(Reading database ... 55%\r(Reading database ... 60%\r(Reading database ... 65%\r(Reading database ... 70%\r(Reading database ... 75%\r(Reading database ... 80%\r(Reading database ... 85%\r(Reading database ... 90%\r(Reading database ... 95%\r(Reading database ... 100%\r(Reading database ... 10175 files and directories currently installed.)\r\nPreparing to unpack .../0-libpython2.7-minimal_2.7.17-1~18.04_amd64.deb ...\r\nUnpacking libpython2.7-minimal:amd64 (2.7.17-1~18.04) ...\r\nSelecting previously unselected package python2.7-minimal.\r\nPreparing to unpack .../1-python2.7-minimal_2.7.17-1~18.04_amd64.deb ...\r\nUnpacking python2.7-minimal (2.7.17-1~18.04) ...\r\nSelecting previously unselected package python-minimal.\r\nPreparing to unpack .../2-python-minimal_2.7.15~rc1-1_amd64.deb ...\r\nUnpacking python-minimal (2.7.15~rc1-1) ...\r\nSelecting previously unselected package libpython2.7-stdlib:amd64.\r\nPreparing to unpack .../3-libpython2.7-stdlib_2.7.17-1~18.04_amd64.deb ...\r\nUnpacking libpython2.7-stdlib:amd64 (2.7.17-1~18.04) ...\r\nSelecting previously unselected package python2.7.\r\nPreparing to unpack .../4-python2.7_2.7.17-1~18.04_amd64.deb ...\r\nUnpacking python2.7 (2.7.17-1~18.04) ...\r\nSelecting previously unselected package libpython-stdlib:amd64.\r\nPreparing to unpack .../5-libpython-stdlib_2.7.15~rc1-1_amd64.deb ...\r\nUnpacking libpython-stdlib:amd64 (2.7.15~rc1-1) ...\r\nSetting up libpython2.7-minimal:amd64 (2.7.17-1~18.04) ...\r\nSetting up python2.7-minimal (2.7.17-1~18.04) ...\r\nLinking and byte-compiling packages for runtime python2.7...\r\nSetting up python-minimal (2.7.15~rc1-1) ...\r\nSelecting previously unselected package python.\r\n(Reading database ... \r(Reading database ... 5%\r(Reading database ... 10%\r(Reading database ... 15%\r(Reading database ... 20%\r(Reading database ... 25%\r(Reading database ... 30%\r(Reading database ... 35%\r(Reading database ... 40%\r(Reading database ... 45%\r(Reading database ... 50%\r(Reading database ... 55%\r(Reading database ... 60%\r(Reading database ... 65%\r(Reading database ... 70%\r(Reading database ... 75%\r(Reading database ... 80%\r(Reading database ... 85%\r(Reading database ... 90%\r(Reading database ... 95%\r(Reading database ... 100%\r(Reading database ... 10924 files and directories currently installed.)\r\nPreparing to unpack .../python_2.7.15~rc1-1_amd64.deb ...\r\nUnpacking python (2.7.15~rc1-1) ...\r\nSetting up libpython2.7-stdlib:amd64 (2.7.17-1~18.04) ...\r\nSetting up python2.7 (2.7.17-1~18.04) ...\r\nSetting up libpython-stdlib:amd64 (2.7.15~rc1-1) ...\r\nSetting up python (2.7.15~rc1-1) ...\r\nProcessing triggers for mime-support (3.60ubuntu1) ...\r\n&quot;,
&quot;stdout_lines&quot;: [
&quot;\u001b[33m&quot;,
&quot;0% [Working]\u001b[0m&quot;,
&quot;            &quot;,
&quot;Hit:1 http://security.ubuntu.com/ubuntu bionic-security InRelease&quot;,
&quot;\u001b[33m&quot;,
&quot;0% [Connecting to archive.ubuntu.com (91.189.88.24)]\u001b[0m\u001b[33m&quot;,
&quot;0% [1 InRelease gpgv 88.7 kB] [Connecting to archive.ubuntu.com (91.189.88.24)]\u001b[0m\u001b[33m&quot;,
&quot;                                                                               &quot;,
&quot;0% [Waiting for headers]\u001b[0m&quot;,
&quot;                        &quot;,
&quot;Hit:2 http://archive.ubuntu.com/ubuntu bionic InRelease&quot;,
&quot;\u001b[33m&quot;,
&quot;                        &quot;,
&quot;0% [Working]\u001b[0m\u001b[33m&quot;,
&quot;0% [2 InRelease gpgv 242 kB] [Waiting for headers]\u001b[0m&quot;,
&quot;                                                  &quot;,
&quot;Hit:3 http://archive.ubuntu.com/ubuntu bionic-updates InRelease&quot;,
&quot;\u001b[33m&quot;,
&quot;0% [2 InRelease gpgv 242 kB] [Waiting for headers]\u001b[0m\u001b[33m&quot;,
&quot;                                                  &quot;,
&quot;0% [Waiting for headers]\u001b[0m\u001b[33m&quot;,
&quot;0% [3 InRelease gpgv 88.7 kB] [Waiting for headers]\u001b[0m&quot;,
&quot;                                                   &quot;,
&quot;Hit:4 http://archive.ubuntu.com/ubuntu bionic-backports InRelease&quot;,
&quot;\u001b[33m&quot;,
&quot;                                                   &quot;,
&quot;0% [3 InRelease gpgv 88.7 kB]\u001b[0m\u001b[33m&quot;,
&quot;                             &quot;,
&quot;0% [Working]\u001b[0m\u001b[33m&quot;,
&quot;0% [4 InRelease gpgv 74.6 kB]\u001b[0m\u001b[33m&quot;,
&quot;                             &quot;,
&quot;20% [Working]\u001b[0m&quot;,
&quot;             &quot;,
&quot;&quot;,
&quot;Reading package lists... 0%&quot;,
&quot;&quot;,
&quot;Reading package lists... 0%&quot;,
&quot;&quot;,
&quot;Reading package lists... 0%&quot;,
&quot;&quot;,
&quot;Reading package lists... 7%&quot;,
&quot;&quot;,
&quot;Reading package lists... 7%&quot;,
&quot;&quot;,
&quot;Reading package lists... 7%&quot;,
&quot;&quot;,
&quot;Reading package lists... 7%&quot;,
&quot;&quot;,
&quot;Reading package lists... 70%&quot;,
&quot;&quot;,
&quot;Reading package lists... 70%&quot;,
&quot;&quot;,
&quot;Reading package lists... 71%&quot;,
&quot;&quot;,
&quot;Reading package lists... 71%&quot;,
&quot;&quot;,
&quot;Reading package lists... 78%&quot;,
&quot;&quot;,
&quot;Reading package lists... 78%&quot;,
&quot;&quot;,
&quot;Reading package lists... 78%&quot;,
&quot;&quot;,
&quot;Reading package lists... 78%&quot;,
&quot;&quot;,
&quot;Reading package lists... 82%&quot;,
&quot;&quot;,
&quot;Reading package lists... 88%&quot;,
&quot;&quot;,
&quot;Reading package lists... 88%&quot;,
&quot;&quot;,
&quot;Reading package lists... 88%&quot;,
&quot;&quot;,
&quot;Reading package lists... 88%&quot;,
&quot;&quot;,
&quot;Reading package lists... 88%&quot;,
&quot;&quot;,
&quot;Reading package lists... 88%&quot;,
&quot;&quot;,
&quot;Reading package lists... 88%&quot;,
&quot;&quot;,
&quot;Reading package lists... 88%&quot;,
&quot;&quot;,
&quot;Reading package lists... 93%&quot;,
&quot;&quot;,
&quot;Reading package lists... 93%&quot;,
&quot;&quot;,
&quot;Reading package lists... 93%&quot;,
&quot;&quot;,
&quot;Reading package lists... 93%&quot;,
&quot;&quot;,
&quot;Reading package lists... 99%&quot;,
&quot;&quot;,
&quot;Reading package lists... 99%&quot;,
&quot;&quot;,
&quot;Reading package lists... 99%&quot;,
&quot;&quot;,
&quot;Reading package lists... 99%&quot;,
&quot;&quot;,
&quot;Reading package lists... Done&quot;,
&quot;&quot;,
&quot;&quot;,
&quot;Building dependency tree... 0%&quot;,
&quot;&quot;,
&quot;Building dependency tree... 0%&quot;,
&quot;&quot;,
&quot;Building dependency tree... 0%&quot;,
&quot;&quot;,
&quot;Building dependency tree... 50%&quot;,
&quot;&quot;,
&quot;Building dependency tree... 50%&quot;,
&quot;&quot;,
&quot;Building dependency tree       &quot;,
&quot;&quot;,
&quot;&quot;,
&quot;Reading state information... 0%&quot;,
&quot;&quot;,
&quot;Reading state information... 1%&quot;,
&quot;&quot;,
&quot;Reading state information... Done&quot;,
&quot;&quot;,
&quot;All packages are up to date.&quot;,
&quot;&quot;,
&quot;Reading package lists... 0%&quot;,
&quot;&quot;,
&quot;Reading package lists... 0%&quot;,
&quot;&quot;,
&quot;Reading package lists... 0%&quot;,
&quot;&quot;,
&quot;Reading package lists... 7%&quot;,
&quot;&quot;,
&quot;Reading package lists... 7%&quot;,
&quot;&quot;,
&quot;Reading package lists... 7%&quot;,
&quot;&quot;,
&quot;Reading package lists... 7%&quot;,
&quot;&quot;,
&quot;Reading package lists... 70%&quot;,
&quot;&quot;,
&quot;Reading package lists... 70%&quot;,
&quot;&quot;,
&quot;Reading package lists... 71%&quot;,
&quot;&quot;,
&quot;Reading package lists... 71%&quot;,
&quot;&quot;,
&quot;Reading package lists... 78%&quot;,
&quot;&quot;,
&quot;Reading package lists... 78%&quot;,
&quot;&quot;,
&quot;Reading package lists... 78%&quot;,
&quot;&quot;,
&quot;Reading package lists... 78%&quot;,
&quot;&quot;,
&quot;Reading package lists... 79%&quot;,
&quot;&quot;,
&quot;Reading package lists... 88%&quot;,
&quot;&quot;,
&quot;Reading package lists... 88%&quot;,
&quot;&quot;,
&quot;Reading package lists... 88%&quot;,
&quot;&quot;,
&quot;Reading package lists... 88%&quot;,
&quot;&quot;,
&quot;Reading package lists... 88%&quot;,
&quot;&quot;,
&quot;Reading package lists... 88%&quot;,
&quot;&quot;,
&quot;Reading package lists... 88%&quot;,
&quot;&quot;,
&quot;Reading package lists... 88%&quot;,
&quot;&quot;,
&quot;Reading package lists... 93%&quot;,
&quot;&quot;,
&quot;Reading package lists... 93%&quot;,
&quot;&quot;,
&quot;Reading package lists... 93%&quot;,
&quot;&quot;,
&quot;Reading package lists... 93%&quot;,
&quot;&quot;,
&quot;Reading package lists... 99%&quot;,
&quot;&quot;,
&quot;Reading package lists... 99%&quot;,
&quot;&quot;,
&quot;Reading package lists... 99%&quot;,
&quot;&quot;,
&quot;Reading package lists... 99%&quot;,
&quot;&quot;,
&quot;Reading package lists... Done&quot;,
&quot;&quot;,
&quot;&quot;,
&quot;Building dependency tree... 0%&quot;,
&quot;&quot;,
&quot;Building dependency tree... 0%&quot;,
&quot;&quot;,
&quot;Building dependency tree... 50%&quot;,
&quot;&quot;,
&quot;Building dependency tree... 50%&quot;,
&quot;&quot;,
&quot;Building dependency tree       &quot;,
&quot;&quot;,
&quot;&quot;,
&quot;Reading state information... 0%&quot;,
&quot;&quot;,
&quot;Reading state information... 1%&quot;,
&quot;&quot;,
&quot;Reading state information... Done&quot;,
&quot;&quot;,
&quot;The following additional packages will be installed:&quot;,
&quot;  libpython-stdlib libpython2.7-minimal libpython2.7-stdlib python python2.7&quot;,
&quot;  python2.7-minimal&quot;,
&quot;Suggested packages:&quot;,
&quot;  python-doc python-tk python2.7-doc binutils binfmt-support&quot;,
&quot;The following NEW packages will be installed:&quot;,
&quot;  libpython-stdlib libpython2.7-minimal libpython2.7-stdlib python&quot;,
&quot;  python-minimal python2.7 python2.7-minimal&quot;,
&quot;0 upgraded, 7 newly installed, 0 to remove and 0 not upgraded.&quot;,
&quot;Need to get 3968 kB of archives.&quot;,
&quot;After this operation, 16.8 MB of additional disk space will be used.&quot;,
&quot;\u001b[33m&quot;,
&quot;0% [Working]\u001b[0m&quot;,
&quot;            &quot;,
&quot;Get:1 http://archive.ubuntu.com/ubuntu bionic-updates/main amd64 libpython2.7-minimal amd64 2.7.17-1~18.04 [335 kB]&quot;,
&quot;\u001b[33m&quot;,
&quot;0% [1 libpython2.7-minimal 14.0 kB/335 kB 4%]\u001b[0m\u001b[33m&quot;,
&quot;                                             &quot;,
&quot;10% [Working]\u001b[0m&quot;,
&quot;             &quot;,
&quot;Get:2 http://archive.ubuntu.com/ubuntu bionic-updates/main amd64 python2.7-minimal amd64 2.7.17-1~18.04 [1294 kB]&quot;,
&quot;\u001b[33m&quot;,
&quot;10% [2 python2.7-minimal 12.3 kB/1294 kB 1%]\u001b[0m\u001b[33m&quot;,
&quot;                                            &quot;,
&quot;39% [Working]\u001b[0m&quot;,
&quot;             &quot;,
&quot;Get:3 http://archive.ubuntu.com/ubuntu bionic/main amd64 python-minimal amd64 2.7.15~rc1-1 [28.1 kB]&quot;,
&quot;\u001b[33m&quot;,
&quot;39% [3 python-minimal 346 B/28.1 kB 1%]\u001b[0m\u001b[33m&quot;,
&quot;                                       &quot;,
&quot;42% [Working]\u001b[0m&quot;,
&quot;             &quot;,
&quot;Get:4 http://archive.ubuntu.com/ubuntu bionic-updates/main amd64 libpython2.7-stdlib amd64 2.7.17-1~18.04 [1915 kB]&quot;,
&quot;\u001b[33m&quot;,
&quot;42% [4 libpython2.7-stdlib 1981 B/1915 kB 0%]\u001b[0m\u001b[33m&quot;,
&quot;                                             &quot;,
&quot;83% [Waiting for headers]\u001b[0m&quot;,
&quot;                         &quot;,
&quot;Get:5 http://archive.ubuntu.com/ubuntu bionic-updates/main amd64 python2.7 amd64 2.7.17-1~18.04 [248 kB]&quot;,
&quot;\u001b[33m&quot;,
&quot;85% [5 python2.7 63.0 kB/248 kB 25%]\u001b[0m\u001b[33m&quot;,
&quot;                                    &quot;,
&quot;91% [Working]\u001b[0m&quot;,
&quot;             &quot;,
&quot;Get:6 http://archive.ubuntu.com/ubuntu bionic/main amd64 libpython-stdlib amd64 2.7.15~rc1-1 [7620 B]&quot;,
&quot;&quot;,
&quot;             &quot;,
&quot;Get:7 http://archive.ubuntu.com/ubuntu bionic/main amd64 python amd64 2.7.15~rc1-1 [140 kB]&quot;,
&quot;\u001b[33m&quot;,
&quot;96% [7 python 101 kB/140 kB 72%]\u001b[0m\u001b[33m&quot;,
&quot;                                &quot;,
&quot;100% [Working]\u001b[0m&quot;,
&quot;              &quot;,
&quot;Fetched 3968 kB in 1s (4263 kB/s)&quot;,
&quot;debconf: delaying package configuration, since apt-utils is not installed&quot;,
&quot;Selecting previously unselected package libpython2.7-minimal:amd64.&quot;,
&quot;(Reading database ... &quot;,
&quot;(Reading database ... 5%&quot;,
&quot;(Reading database ... 10%&quot;,
&quot;(Reading database ... 15%&quot;,
&quot;(Reading database ... 20%&quot;,
&quot;(Reading database ... 25%&quot;,
&quot;(Reading database ... 30%&quot;,
&quot;(Reading database ... 35%&quot;,
&quot;(Reading database ... 40%&quot;,
&quot;(Reading database ... 45%&quot;,
&quot;(Reading database ... 50%&quot;,
&quot;(Reading database ... 55%&quot;,
&quot;(Reading database ... 60%&quot;,
&quot;(Reading database ... 65%&quot;,
&quot;(Reading database ... 70%&quot;,
&quot;(Reading database ... 75%&quot;,
&quot;(Reading database ... 80%&quot;,
&quot;(Reading database ... 85%&quot;,
&quot;(Reading database ... 90%&quot;,
&quot;(Reading database ... 95%&quot;,
&quot;(Reading database ... 100%&quot;,
&quot;(Reading database ... 10175 files and directories currently installed.)&quot;,
&quot;Preparing to unpack .../0-libpython2.7-minimal_2.7.17-1~18.04_amd64.deb ...&quot;,
&quot;Unpacking libpython2.7-minimal:amd64 (2.7.17-1~18.04) ...&quot;,
&quot;Selecting previously unselected package python2.7-minimal.&quot;,
&quot;Preparing to unpack .../1-python2.7-minimal_2.7.17-1~18.04_amd64.deb ...&quot;,
&quot;Unpacking python2.7-minimal (2.7.17-1~18.04) ...&quot;,
&quot;Selecting previously unselected package python-minimal.&quot;,
&quot;Preparing to unpack .../2-python-minimal_2.7.15~rc1-1_amd64.deb ...&quot;,
&quot;Unpacking python-minimal (2.7.15~rc1-1) ...&quot;,
&quot;Selecting previously unselected package libpython2.7-stdlib:amd64.&quot;,
&quot;Preparing to unpack .../3-libpython2.7-stdlib_2.7.17-1~18.04_amd64.deb ...&quot;,
&quot;Unpacking libpython2.7-stdlib:amd64 (2.7.17-1~18.04) ...&quot;,
&quot;Selecting previously unselected package python2.7.&quot;,
&quot;Preparing to unpack .../4-python2.7_2.7.17-1~18.04_amd64.deb ...&quot;,
&quot;Unpacking python2.7 (2.7.17-1~18.04) ...&quot;,
&quot;Selecting previously unselected package libpython-stdlib:amd64.&quot;,
&quot;Preparing to unpack .../5-libpython-stdlib_2.7.15~rc1-1_amd64.deb ...&quot;,
&quot;Unpacking libpython-stdlib:amd64 (2.7.15~rc1-1) ...&quot;,
&quot;Setting up libpython2.7-minimal:amd64 (2.7.17-1~18.04) ...&quot;,
&quot;Setting up python2.7-minimal (2.7.17-1~18.04) ...&quot;,
&quot;Linking and byte-compiling packages for runtime python2.7...&quot;,
&quot;Setting up python-minimal (2.7.15~rc1-1) ...&quot;,
&quot;Selecting previously unselected package python.&quot;,
&quot;(Reading database ... &quot;,
&quot;(Reading database ... 5%&quot;,
&quot;(Reading database ... 10%&quot;,
&quot;(Reading database ... 15%&quot;,
&quot;(Reading database ... 20%&quot;,
&quot;(Reading database ... 25%&quot;,
&quot;(Reading database ... 30%&quot;,
&quot;(Reading database ... 35%&quot;,
&quot;(Reading database ... 40%&quot;,
&quot;(Reading database ... 45%&quot;,
&quot;(Reading database ... 50%&quot;,
&quot;(Reading database ... 55%&quot;,
&quot;(Reading database ... 60%&quot;,
&quot;(Reading database ... 65%&quot;,
&quot;(Reading database ... 70%&quot;,
&quot;(Reading database ... 75%&quot;,
&quot;(Reading database ... 80%&quot;,
&quot;(Reading database ... 85%&quot;,
&quot;(Reading database ... 90%&quot;,
&quot;(Reading database ... 95%&quot;,
&quot;(Reading database ... 100%&quot;,
&quot;(Reading database ... 10924 files and directories currently installed.)&quot;,
&quot;Preparing to unpack .../python_2.7.15~rc1-1_amd64.deb ...&quot;,
&quot;Unpacking python (2.7.15~rc1-1) ...&quot;,
&quot;Setting up libpython2.7-stdlib:amd64 (2.7.17-1~18.04) ...&quot;,
&quot;Setting up python2.7 (2.7.17-1~18.04) ...&quot;,
&quot;Setting up libpython-stdlib:amd64 (2.7.15~rc1-1) ...&quot;,
&quot;Setting up python (2.7.15~rc1-1) ...&quot;,
&quot;Processing triggers for mime-support (3.60ubuntu1) ...&quot;
]
}</system-out>
		</testcase>
		<testcase classname="/home/runner/work/sakura_cloud_sandbox/sakura_cloud_sandbox/test-playbook.yml:10" name="[ubuntu] Apply for ubuntu: Gathering Facts gather_subset=['all'], gather_timeout=10" time="4.221628">
			<system-out>{
&quot;ansible_facts&quot;: {
&quot;ansible_apparmor&quot;: {
&quot;status&quot;: &quot;disabled&quot;
},
&quot;ansible_architecture&quot;: &quot;x86_64&quot;,
&quot;ansible_bios_date&quot;: &quot;06/02/2017&quot;,
&quot;ansible_bios_version&quot;: &quot;090007&quot;,
&quot;ansible_cmdline&quot;: {
&quot;BOOT_IMAGE&quot;: &quot;/boot/vmlinuz-5.0.0-1027-azure&quot;,
&quot;cgroup_enable&quot;: &quot;memory&quot;,
&quot;console&quot;: &quot;ttyS0&quot;,
&quot;earlyprintk&quot;: &quot;ttyS0&quot;,
&quot;ro&quot;: true,
&quot;root&quot;: &quot;UUID=b2d6b98e-a05e-42d6-84a1-9159e89b9e84&quot;,
&quot;rootdelay&quot;: &quot;300&quot;,
&quot;swapaccount&quot;: &quot;1&quot;
},
&quot;ansible_date_time&quot;: {
&quot;date&quot;: &quot;2019-12-31&quot;,
&quot;day&quot;: &quot;31&quot;,
&quot;epoch&quot;: &quot;1577786094&quot;,
&quot;hour&quot;: &quot;09&quot;,
&quot;iso8601&quot;: &quot;2019-12-31T09:54:54Z&quot;,
&quot;iso8601_basic&quot;: &quot;20191231T095454341531&quot;,
&quot;iso8601_basic_short&quot;: &quot;20191231T095454&quot;,
&quot;iso8601_micro&quot;: &quot;2019-12-31T09:54:54.341611Z&quot;,
&quot;minute&quot;: &quot;54&quot;,
&quot;month&quot;: &quot;12&quot;,
&quot;second&quot;: &quot;54&quot;,
&quot;time&quot;: &quot;09:54:54&quot;,
&quot;tz&quot;: &quot;UTC&quot;,
&quot;tz_offset&quot;: &quot;+0000&quot;,
&quot;weekday&quot;: &quot;Tuesday&quot;,
&quot;weekday_number&quot;: &quot;2&quot;,
&quot;weeknumber&quot;: &quot;52&quot;,
&quot;year&quot;: &quot;2019&quot;
},
&quot;ansible_device_links&quot;: {
&quot;ids&quot;: {},
&quot;labels&quot;: {},
&quot;masters&quot;: {},
&quot;uuids&quot;: {}
},
&quot;ansible_devices&quot;: {
&quot;loop0&quot;: {
&quot;holders&quot;: [],
&quot;host&quot;: &quot;&quot;,
&quot;links&quot;: {
&quot;ids&quot;: [],
&quot;labels&quot;: [],
&quot;masters&quot;: [],
&quot;uuids&quot;: []
},
&quot;model&quot;: null,
&quot;partitions&quot;: {},
&quot;removable&quot;: &quot;0&quot;,
&quot;rotational&quot;: &quot;1&quot;,
&quot;sas_address&quot;: null,
&quot;sas_device_handle&quot;: null,
&quot;scheduler_mode&quot;: &quot;none&quot;,
&quot;sectors&quot;: &quot;0&quot;,
&quot;sectorsize&quot;: &quot;512&quot;,
&quot;size&quot;: &quot;0.00 Bytes&quot;,
&quot;support_discard&quot;: &quot;4096&quot;,
&quot;vendor&quot;: null,
&quot;virtual&quot;: 1
},
&quot;loop1&quot;: {
&quot;holders&quot;: [],
&quot;host&quot;: &quot;&quot;,
&quot;links&quot;: {
&quot;ids&quot;: [],
&quot;labels&quot;: [],
&quot;masters&quot;: [],
&quot;uuids&quot;: []
},
&quot;model&quot;: null,
&quot;partitions&quot;: {},
&quot;removable&quot;: &quot;0&quot;,
&quot;rotational&quot;: &quot;1&quot;,
&quot;sas_address&quot;: null,
&quot;sas_device_handle&quot;: null,
&quot;scheduler_mode&quot;: &quot;none&quot;,
&quot;sectors&quot;: &quot;0&quot;,
&quot;sectorsize&quot;: &quot;512&quot;,
&quot;size&quot;: &quot;0.00 Bytes&quot;,
&quot;support_discard&quot;: &quot;0&quot;,
&quot;vendor&quot;: null,
&quot;virtual&quot;: 1
},
&quot;loop2&quot;: {
&quot;holders&quot;: [],
&quot;host&quot;: &quot;&quot;,
&quot;links&quot;: {
&quot;ids&quot;: [],
&quot;labels&quot;: [],
&quot;masters&quot;: [],
&quot;uuids&quot;: []
},
&quot;model&quot;: null,
&quot;partitions&quot;: {},
&quot;removable&quot;: &quot;0&quot;,
&quot;rotational&quot;: &quot;1&quot;,
&quot;sas_address&quot;: null,
&quot;sas_device_handle&quot;: null,
&quot;scheduler_mode&quot;: &quot;none&quot;,
&quot;sectors&quot;: &quot;0&quot;,
&quot;sectorsize&quot;: &quot;512&quot;,
&quot;size&quot;: &quot;0.00 Bytes&quot;,
&quot;support_discard&quot;: &quot;0&quot;,
&quot;vendor&quot;: null,
&quot;virtual&quot;: 1
},
&quot;loop3&quot;: {
&quot;holders&quot;: [],
&quot;host&quot;: &quot;&quot;,
&quot;links&quot;: {
&quot;ids&quot;: [],
&quot;labels&quot;: [],
&quot;masters&quot;: [],
&quot;uuids&quot;: []
},
&quot;model&quot;: null,
&quot;partitions&quot;: {},
&quot;removable&quot;: &quot;0&quot;,
&quot;rotational&quot;: &quot;1&quot;,
&quot;sas_address&quot;: null,
&quot;sas_device_handle&quot;: null,
&quot;scheduler_mode&quot;: &quot;none&quot;,
&quot;sectors&quot;: &quot;0&quot;,
&quot;sectorsize&quot;: &quot;512&quot;,
&quot;size&quot;: &quot;0.00 Bytes&quot;,
&quot;support_discard&quot;: &quot;0&quot;,
&quot;vendor&quot;: null,
&quot;virtual&quot;: 1
},
&quot;loop4&quot;: {
&quot;holders&quot;: [],
&quot;host&quot;: &quot;&quot;,
&quot;links&quot;: {
&quot;ids&quot;: [],
&quot;labels&quot;: [],
&quot;masters&quot;: [],
&quot;uuids&quot;: []
},
&quot;model&quot;: null,
&quot;partitions&quot;: {},
&quot;removable&quot;: &quot;0&quot;,
&quot;rotational&quot;: &quot;1&quot;,
&quot;sas_address&quot;: null,
&quot;sas_device_handle&quot;: null,
&quot;scheduler_mode&quot;: &quot;none&quot;,
&quot;sectors&quot;: &quot;0&quot;,
&quot;sectorsize&quot;: &quot;512&quot;,
&quot;size&quot;: &quot;0.00 Bytes&quot;,
&quot;support_discard&quot;: &quot;0&quot;,
&quot;vendor&quot;: null,
&quot;virtual&quot;: 1
},
&quot;loop5&quot;: {
&quot;holders&quot;: [],
&quot;host&quot;: &quot;&quot;,
&quot;links&quot;: {
&quot;ids&quot;: [],
&quot;labels&quot;: [],
&quot;masters&quot;: [],
&quot;uuids&quot;: []
},
&quot;model&quot;: null,
&quot;partitions&quot;: {},
&quot;removable&quot;: &quot;0&quot;,
&quot;rotational&quot;: &quot;1&quot;,
&quot;sas_address&quot;: null,
&quot;sas_device_handle&quot;: null,
&quot;scheduler_mode&quot;: &quot;none&quot;,
&quot;sectors&quot;: &quot;0&quot;,
&quot;sectorsize&quot;: &quot;512&quot;,
&quot;size&quot;: &quot;0.00 Bytes&quot;,
&quot;support_discard&quot;: &quot;0&quot;,
&quot;vendor&quot;: null,
&quot;virtual&quot;: 1
},
&quot;loop6&quot;: {
&quot;holders&quot;: [],
&quot;host&quot;: &quot;&quot;,
&quot;links&quot;: {
&quot;ids&quot;: [],
&quot;labels&quot;: [],
&quot;masters&quot;: [],
&quot;uuids&quot;: []
},
&quot;model&quot;: null,
&quot;partitions&quot;: {},
&quot;removable&quot;: &quot;0&quot;,
&quot;rotational&quot;: &quot;1&quot;,
&quot;sas_address&quot;: null,
&quot;sas_device_handle&quot;: null,
&quot;scheduler_mode&quot;: &quot;none&quot;,
&quot;sectors&quot;: &quot;0&quot;,
&quot;sectorsize&quot;: &quot;512&quot;,
&quot;size&quot;: &quot;0.00 Bytes&quot;,
&quot;support_discard&quot;: &quot;0&quot;,
&quot;vendor&quot;: null,
&quot;virtual&quot;: 1
},
&quot;loop7&quot;: {
&quot;holders&quot;: [],
&quot;host&quot;: &quot;&quot;,
&quot;links&quot;: {
&quot;ids&quot;: [],
&quot;labels&quot;: [],
&quot;masters&quot;: [],
&quot;uuids&quot;: []
},
&quot;model&quot;: null,
&quot;partitions&quot;: {},
&quot;removable&quot;: &quot;0&quot;,
&quot;rotational&quot;: &quot;1&quot;,
&quot;sas_address&quot;: null,
&quot;sas_device_handle&quot;: null,
&quot;scheduler_mode&quot;: &quot;none&quot;,
&quot;sectors&quot;: &quot;0&quot;,
&quot;sectorsize&quot;: &quot;512&quot;,
&quot;size&quot;: &quot;0.00 Bytes&quot;,
&quot;support_discard&quot;: &quot;0&quot;,
&quot;vendor&quot;: null,
&quot;virtual&quot;: 1
},
&quot;sda&quot;: {
&quot;holders&quot;: [],
&quot;host&quot;: &quot;&quot;,
&quot;links&quot;: {
&quot;ids&quot;: [],
&quot;labels&quot;: [],
&quot;masters&quot;: [],
&quot;uuids&quot;: []
},
&quot;model&quot;: &quot;Virtual Disk&quot;,
&quot;partitions&quot;: {
&quot;sda1&quot;: {
&quot;holders&quot;: [],
&quot;links&quot;: {
&quot;ids&quot;: [],
&quot;labels&quot;: [],
&quot;masters&quot;: [],
&quot;uuids&quot;: []
},
&quot;sectors&quot;: &quot;180127711&quot;,
&quot;sectorsize&quot;: 512,
&quot;size&quot;: &quot;85.89 GB&quot;,
&quot;start&quot;: &quot;227328&quot;,
&quot;uuid&quot;: null
},
&quot;sda14&quot;: {
&quot;holders&quot;: [],
&quot;links&quot;: {
&quot;ids&quot;: [],
&quot;labels&quot;: [],
&quot;masters&quot;: [],
&quot;uuids&quot;: []
},
&quot;sectors&quot;: &quot;8192&quot;,
&quot;sectorsize&quot;: 512,
&quot;size&quot;: &quot;4.00 MB&quot;,
&quot;start&quot;: &quot;2048&quot;,
&quot;uuid&quot;: null
},
&quot;sda15&quot;: {
&quot;holders&quot;: [],
&quot;links&quot;: {
&quot;ids&quot;: [],
&quot;labels&quot;: [],
&quot;masters&quot;: [],
&quot;uuids&quot;: []
},
&quot;sectors&quot;: &quot;217088&quot;,
&quot;sectorsize&quot;: 512,
&quot;size&quot;: &quot;106.00 MB&quot;,
&quot;start&quot;: &quot;10240&quot;,
&quot;uuid&quot;: null
}
},
&quot;removable&quot;: &quot;0&quot;,
&quot;rotational&quot;: &quot;1&quot;,
&quot;sas_address&quot;: null,
&quot;sas_device_handle&quot;: null,
&quot;scheduler_mode&quot;: &quot;none&quot;,
&quot;sectors&quot;: &quot;180355072&quot;,
&quot;sectorsize&quot;: &quot;512&quot;,
&quot;size&quot;: &quot;86.00 GB&quot;,
&quot;support_discard&quot;: &quot;2097152&quot;,
&quot;vendor&quot;: &quot;Msft&quot;,
&quot;virtual&quot;: 1
},
&quot;sdb&quot;: {
&quot;holders&quot;: [],
&quot;host&quot;: &quot;&quot;,
&quot;links&quot;: {
&quot;ids&quot;: [],
&quot;labels&quot;: [],
&quot;masters&quot;: [],
&quot;uuids&quot;: []
},
&quot;model&quot;: &quot;Virtual Disk&quot;,
&quot;partitions&quot;: {
&quot;sdb1&quot;: {
&quot;holders&quot;: [],
&quot;links&quot;: {
&quot;ids&quot;: [],
&quot;labels&quot;: [],
&quot;masters&quot;: [],
&quot;uuids&quot;: []
},
&quot;sectors&quot;: &quot;29357952&quot;,
&quot;sectorsize&quot;: 512,
&quot;size&quot;: &quot;14.00 GB&quot;,
&quot;start&quot;: &quot;128&quot;,
&quot;uuid&quot;: null
}
},
&quot;removable&quot;: &quot;0&quot;,
&quot;rotational&quot;: &quot;1&quot;,
&quot;sas_address&quot;: null,
&quot;sas_device_handle&quot;: null,
&quot;scheduler_mode&quot;: &quot;none&quot;,
&quot;sectors&quot;: &quot;29360128&quot;,
&quot;sectorsize&quot;: &quot;512&quot;,
&quot;size&quot;: &quot;14.00 GB&quot;,
&quot;support_discard&quot;: &quot;2097152&quot;,
&quot;vendor&quot;: &quot;Msft&quot;,
&quot;virtual&quot;: 1
}
},
&quot;ansible_distribution&quot;: &quot;Ubuntu&quot;,
&quot;ansible_distribution_file_parsed&quot;: true,
&quot;ansible_distribution_file_path&quot;: &quot;/etc/os-release&quot;,
&quot;ansible_distribution_file_variety&quot;: &quot;Debian&quot;,
&quot;ansible_distribution_major_version&quot;: &quot;18&quot;,
&quot;ansible_distribution_release&quot;: &quot;bionic&quot;,
&quot;ansible_distribution_version&quot;: &quot;18.04&quot;,
&quot;ansible_dns&quot;: {
&quot;nameservers&quot;: [
&quot;168.63.129.16&quot;
],
&quot;search&quot;: [
&quot;nvwxoym1123enfikb3uuedjomf.cx.internal.cloudapp.net&quot;
]
},
&quot;ansible_domain&quot;: &quot;&quot;,
&quot;ansible_effective_group_id&quot;: 1000,
&quot;ansible_effective_user_id&quot;: 1000,
&quot;ansible_env&quot;: {
&quot;HOME&quot;: &quot;/home/kitchen&quot;,
&quot;LANG&quot;: &quot;C.UTF-8&quot;,
&quot;LOGNAME&quot;: &quot;kitchen&quot;,
&quot;MAIL&quot;: &quot;/var/mail/kitchen&quot;,
&quot;PATH&quot;: &quot;/usr/local/sbin:/usr/local/bin:/usr/sbin:/usr/bin:/sbin:/bin:/usr/games&quot;,
&quot;PWD&quot;: &quot;/home/kitchen&quot;,
&quot;SHELL&quot;: &quot;/bin/bash&quot;,
&quot;SHLVL&quot;: &quot;1&quot;,
&quot;SSH_CLIENT&quot;: &quot;172.17.0.1 36212 22&quot;,
&quot;SSH_CONNECTION&quot;: &quot;172.17.0.1 36212 172.17.0.2 22&quot;,
&quot;SSH_TTY&quot;: &quot;/dev/pts/0&quot;,
&quot;USER&quot;: &quot;kitchen&quot;,
&quot;_&quot;: &quot;/bin/sh&quot;
},
&quot;ansible_fibre_channel_wwn&quot;: [],
&quot;ansible_fips&quot;: false,
&quot;ansible_form_factor&quot;: &quot;Desktop&quot;,
&quot;ansible_fqdn&quot;: &quot;ad53425f2a3e&quot;,
&quot;ansible_hostname&quot;: &quot;ad53425f2a3e&quot;,
&quot;ansible_hostnqn&quot;: &quot;&quot;,
&quot;ansible_is_chroot&quot;: true,
&quot;ansible_iscsi_iqn&quot;: &quot;&quot;,
&quot;ansible_kernel&quot;: &quot;5.0.0-1027-azure&quot;,
&quot;ansible_local&quot;: {},
&quot;ansible_lsb&quot;: {
&quot;codename&quot;: &quot;bionic&quot;,
&quot;description&quot;: &quot;Ubuntu 18.04.3 LTS&quot;,
&quot;id&quot;: &quot;Ubuntu&quot;,
&quot;major_release&quot;: &quot;18&quot;,
&quot;release&quot;: &quot;18.04&quot;
},
&quot;ansible_machine&quot;: &quot;x86_64&quot;,
&quot;ansible_machine_id&quot;: &quot;58ac37bec1004538ad1531df943212d3&quot;,
&quot;ansible_memfree_mb&quot;: 3882,
&quot;ansible_memory_mb&quot;: {
&quot;nocache&quot;: {
&quot;free&quot;: 5741,
&quot;used&quot;: 1204
},
&quot;real&quot;: {
&quot;free&quot;: 3882,
&quot;total&quot;: 6945,
&quot;used&quot;: 3063
},
&quot;swap&quot;: {
&quot;cached&quot;: 0,
&quot;free&quot;: 8191,
&quot;total&quot;: 8191,
&quot;used&quot;: 0
}
},
&quot;ansible_memtotal_mb&quot;: 6945,
&quot;ansible_mounts&quot;: [
{
&quot;block_available&quot;: 7208634,
&quot;block_size&quot;: 4096,
&quot;block_total&quot;: 21804531,
&quot;block_used&quot;: 14595897,
&quot;device&quot;: &quot;/dev/sda1&quot;,
&quot;fstype&quot;: &quot;ext4&quot;,
&quot;inode_available&quot;: 10205576,
&quot;inode_total&quot;: 11096064,
&quot;inode_used&quot;: 890488,
&quot;mount&quot;: &quot;/etc/hosts&quot;,
&quot;options&quot;: &quot;rw,relatime,discard,bind&quot;,
&quot;size_available&quot;: 29526564864,
&quot;size_total&quot;: 89311358976,
&quot;uuid&quot;: &quot;N/A&quot;
},
{
&quot;block_available&quot;: 7208634,
&quot;block_size&quot;: 4096,
&quot;block_total&quot;: 21804531,
&quot;block_used&quot;: 14595897,
&quot;device&quot;: &quot;/dev/sda1&quot;,
&quot;fstype&quot;: &quot;ext4&quot;,
&quot;inode_available&quot;: 10205576,
&quot;inode_total&quot;: 11096064,
&quot;inode_used&quot;: 890488,
&quot;mount&quot;: &quot;/etc/hostname&quot;,
&quot;options&quot;: &quot;rw,relatime,discard,bind&quot;,
&quot;size_available&quot;: 29526564864,
&quot;size_total&quot;: 89311358976,
&quot;uuid&quot;: &quot;N/A&quot;
},
{
&quot;block_available&quot;: 7208634,
&quot;block_size&quot;: 4096,
&quot;block_total&quot;: 21804531,
&quot;block_used&quot;: 14595897,
&quot;device&quot;: &quot;/dev/sda1&quot;,
&quot;fstype&quot;: &quot;ext4&quot;,
&quot;inode_available&quot;: 10205576,
&quot;inode_total&quot;: 11096064,
&quot;inode_used&quot;: 890488,
&quot;mount&quot;: &quot;/etc/resolv.conf&quot;,
&quot;options&quot;: &quot;rw,relatime,discard,bind&quot;,
&quot;size_available&quot;: 29526564864,
&quot;size_total&quot;: 89311358976,
&quot;uuid&quot;: &quot;N/A&quot;
}
],
&quot;ansible_nodename&quot;: &quot;ad53425f2a3e&quot;,
&quot;ansible_os_family&quot;: &quot;Debian&quot;,
&quot;ansible_pkg_mgr&quot;: &quot;apt&quot;,
&quot;ansible_proc_cmdline&quot;: {
&quot;BOOT_IMAGE&quot;: &quot;/boot/vmlinuz-5.0.0-1027-azure&quot;,
&quot;cgroup_enable&quot;: &quot;memory&quot;,
&quot;console&quot;: [
&quot;tty1&quot;,
&quot;ttyS0&quot;
],
&quot;earlyprintk&quot;: &quot;ttyS0&quot;,
&quot;ro&quot;: true,
&quot;root&quot;: &quot;UUID=b2d6b98e-a05e-42d6-84a1-9159e89b9e84&quot;,
&quot;rootdelay&quot;: &quot;300&quot;,
&quot;swapaccount&quot;: &quot;1&quot;
},
&quot;ansible_processor&quot;: [
&quot;0&quot;,
&quot;GenuineIntel&quot;,
&quot;Intel(R) Xeon(R) CPU E5-2673 v3 @ 2.40GHz&quot;,
&quot;1&quot;,
&quot;GenuineIntel&quot;,
&quot;Intel(R) Xeon(R) CPU E5-2673 v3 @ 2.40GHz&quot;
],
&quot;ansible_processor_cores&quot;: 2,
&quot;ansible_processor_count&quot;: 1,
&quot;ansible_processor_threads_per_core&quot;: 1,
&quot;ansible_processor_vcpus&quot;: 2,
&quot;ansible_product_name&quot;: &quot;Virtual Machine&quot;,
&quot;ansible_product_serial&quot;: &quot;NA&quot;,
&quot;ansible_product_uuid&quot;: &quot;9c1c90c0-c44f-6849-8257-9ff55fb78966&quot;,
&quot;ansible_product_version&quot;: &quot;7.0&quot;,
&quot;ansible_python&quot;: {
&quot;executable&quot;: &quot;/usr/bin/python&quot;,
&quot;has_sslcontext&quot;: true,
&quot;type&quot;: &quot;CPython&quot;,
&quot;version&quot;: {
&quot;major&quot;: 2,
&quot;micro&quot;: 17,
&quot;minor&quot;: 7,
&quot;releaselevel&quot;: &quot;final&quot;,
&quot;serial&quot;: 0
},
&quot;version_info&quot;: [
2,
7,
17,
&quot;final&quot;,
0
]
},
&quot;ansible_python_version&quot;: &quot;2.7.17&quot;,
&quot;ansible_real_group_id&quot;: 1000,
&quot;ansible_real_user_id&quot;: 1000,
&quot;ansible_selinux&quot;: {
&quot;status&quot;: &quot;Missing selinux Python library&quot;
},
&quot;ansible_selinux_python_present&quot;: false,
&quot;ansible_service_mgr&quot;: &quot;sshd&quot;,
&quot;ansible_ssh_host_key_ecdsa_public&quot;: &quot;AAAAE2VjZHNhLXNoYTItbmlzdHAyNTYAAAAIbmlzdHAyNTYAAABBBAD6Pux+3aJMz/4j1POSJ4tN41aaE/oq+LGefzdz6gz9Kwzj1ZrfibsrZ7bEEH1uo/E5VhfcN7FEtp893K+axIw=&quot;,
&quot;ansible_ssh_host_key_ed25519_public&quot;: &quot;AAAAC3NzaC1lZDI1NTE5AAAAIPXd5RphDKhNta3wtEjIm7mqwi7eQ14TDpp2BxC5A4qI&quot;,
&quot;ansible_ssh_host_key_rsa_public&quot;: &quot;AAAAB3NzaC1yc2EAAAADAQABAAABAQDIgKzgzL9Z35AKPOpaEf7u5OjdKvVM4k+acYlcpByoQ0YzRDRRfo9ja7EnBad/rE2ySekxpHxM34q8sDo40/SXB21AD9nFG0zb4PguEFN80P/ndVLpmnh58mbY3XSC4tfMyWNWVtmM8AHfwlGflHp5hH4xIrOvRU4d0gY2Jzf1KHzVP77nhjHWU27rYDzQ+KhhfmkLEpYQBjcUFxnV30WkyXI1NxBWpbnhcyHclnGe57greKpEtPvijwDiB5/vPbSlkPzuaq/ET72gcmN0eaUYZt8Wc4rdECxwQYYpMtHAkbTRUKlj/Yyt/JPAsZnbBdezf6hP5pIfKrCHEKGrQ9M5&quot;,
&quot;ansible_swapfree_mb&quot;: 8191,
&quot;ansible_swaptotal_mb&quot;: 8191,
&quot;ansible_system&quot;: &quot;Linux&quot;,
&quot;ansible_system_vendor&quot;: &quot;Microsoft Corporation&quot;,
&quot;ansible_uptime_seconds&quot;: 447,
&quot;ansible_user_dir&quot;: &quot;/home/kitchen&quot;,
&quot;ansible_user_gecos&quot;: &quot;&quot;,
&quot;ansible_user_gid&quot;: 1000,
&quot;ansible_user_id&quot;: &quot;kitchen&quot;,
&quot;ansible_user_shell&quot;: &quot;/bin/bash&quot;,
&quot;ansible_user_uid&quot;: 1000,
&quot;ansible_userspace_architecture&quot;: &quot;x86_64&quot;,
&quot;ansible_userspace_bits&quot;: &quot;64&quot;,
&quot;ansible_virtualization_role&quot;: &quot;guest&quot;,
&quot;ansible_virtualization_type&quot;: &quot;docker&quot;,
&quot;discovered_interpreter_python&quot;: &quot;/usr/bin/python&quot;,
&quot;gather_subset&quot;: [
&quot;all&quot;
],
&quot;module_setup&quot;: true
},
&quot;changed&quot;: false
}</system-out>
		</testcase>
		<testcase classname="/home/runner/work/sakura_cloud_sandbox/sakura_cloud_sandbox/roles/docker/tasks/main.yml:2" name="[ubuntu] Apply for ubuntu: docker : Install basic list of packages name={{ packages }}, state=present, update_cache=True" time="16.056279">
			<system-out>{
&quot;cache_update_time&quot;: 1577786040,
&quot;cache_updated&quot;: false,
&quot;changed&quot;: true,
&quot;stderr&quot;: &quot;debconf: delaying package configuration, since apt-utils is not installed\n&quot;,
&quot;stderr_lines&quot;: [
&quot;debconf: delaying package configuration, since apt-utils is not installed&quot;
],
&quot;stdout&quot;: &quot;Reading package lists...\nBuilding dependency tree...\nReading state information...\nThe following additional packages will be installed:\n  cron iso-codes powermgmt-base python3-apt python3-software-properties\n  unattended-upgrades\nSuggested packages:\n  anacron logrotate checksecurity exim4 | postfix | mail-transport-agent\n  isoquery python3-apt-dbg python-apt-doc bsd-mailx default-mta\n  | mail-transport-agent needrestart\nThe following NEW packages will be installed:\n  apt-transport-https cron gnupg2 iso-codes powermgmt-base python3-apt\n  python3-software-properties software-properties-common unattended-upgrades\n0 upgraded, 9 newly installed, 0 to remove and 0 not upgraded.\nNeed to get 2872 kB of archives.\nAfter this operation, 21.0 MB of additional disk space will be used.\nGet:1 http://archive.ubuntu.com/ubuntu bionic/main amd64 cron amd64 3.0pl1-128.1ubuntu1 [68.8 kB]\nGet:2 http://archive.ubuntu.com/ubuntu bionic/main amd64 iso-codes all 3.79-1 [2565 kB]\nGet:3 http://archive.ubuntu.com/ubuntu bionic/main amd64 powermgmt-base all 1.33 [8660 B]\nGet:4 http://archive.ubuntu.com/ubuntu bionic-updates/main amd64 python3-apt amd64 1.6.4 [148 kB]\nGet:5 http://archive.ubuntu.com/ubuntu bionic-updates/universe amd64 apt-transport-https all 1.6.12 [1692 B]\nGet:6 http://archive.ubuntu.com/ubuntu bionic-updates/main amd64 python3-software-properties all 0.96.24.32.12 [23.6 kB]\nGet:7 http://archive.ubuntu.com/ubuntu bionic-updates/main amd64 software-properties-common all 0.96.24.32.12 [10.0 kB]\nGet:8 http://archive.ubuntu.com/ubuntu bionic-updates/main amd64 unattended-upgrades all 1.1ubuntu1.18.04.13 [41.7 kB]\nGet:9 http://archive.ubuntu.com/ubuntu bionic-updates/universe amd64 gnupg2 all 2.2.4-1ubuntu1.2 [4668 B]\nFetched 2872 kB in 1s (3283 kB/s)\nSelecting previously unselected package cron.\r\n(Reading database ... \r(Reading database ... 5%\r(Reading database ... 10%\r(Reading database ... 15%\r(Reading database ... 20%\r(Reading database ... 25%\r(Reading database ... 30%\r(Reading database ... 35%\r(Reading database ... 40%\r(Reading database ... 45%\r(Reading database ... 50%\r(Reading database ... 55%\r(Reading database ... 60%\r(Reading database ... 65%\r(Reading database ... 70%\r(Reading database ... 75%\r(Reading database ... 80%\r(Reading database ... 85%\r(Reading database ... 90%\r(Reading database ... 95%\r(Reading database ... 100%\r(Reading database ... 11263 files and directories currently installed.)\r\nPreparing to unpack .../0-cron_3.0pl1-128.1ubuntu1_amd64.deb ...\r\nUnpacking cron (3.0pl1-128.1ubuntu1) ...\r\nSelecting previously unselected package iso-codes.\r\nPreparing to unpack .../1-iso-codes_3.79-1_all.deb ...\r\nUnpacking iso-codes (3.79-1) ...\r\nSelecting previously unselected package powermgmt-base.\r\nPreparing to unpack .../2-powermgmt-base_1.33_all.deb ...\r\nUnpacking powermgmt-base (1.33) ...\r\nSelecting previously unselected package python3-apt.\r\nPreparing to unpack .../3-python3-apt_1.6.4_amd64.deb ...\r\nUnpacking python3-apt (1.6.4) ...\r\nSelecting previously unselected package apt-transport-https.\r\nPreparing to unpack .../4-apt-transport-https_1.6.12_all.deb ...\r\nUnpacking apt-transport-https (1.6.12) ...\r\nSelecting previously unselected package python3-software-properties.\r\nPreparing to unpack .../5-python3-software-properties_0.96.24.32.12_all.deb ...\r\nUnpacking python3-software-properties (0.96.24.32.12) ...\r\nSelecting previously unselected package software-properties-common.\r\nPreparing to unpack .../6-software-properties-common_0.96.24.32.12_all.deb ...\r\nUnpacking software-properties-common (0.96.24.32.12) ...\r\nSelecting previously unselected package unattended-upgrades.\r\nPreparing to unpack .../7-unattended-upgrades_1.1ubuntu1.18.04.13_all.deb ...\r\nUnpacking unattended-upgrades (1.1ubuntu1.18.04.13) ...\r\nSelecting previously unselected package gnupg2.\r\nPreparing to unpack .../8-gnupg2_2.2.4-1ubuntu1.2_all.deb ...\r\nUnpacking gnupg2 (2.2.4-1ubuntu1.2) ...\r\nSetting up powermgmt-base (1.33) ...\r\nSetting up apt-transport-https (1.6.12) ...\r\nSetting up python3-apt (1.6.4) ...\r\nSetting up iso-codes (3.79-1) ...\r\nSetting up gnupg2 (2.2.4-1ubuntu1.2) ...\r\nSetting up unattended-upgrades (1.1ubuntu1.18.04.13) ...\r\n\r\nCreating config file /etc/apt/apt.conf.d/20auto-upgrades with new version\r\n\r\nCreating config file /etc/apt/apt.conf.d/50unattended-upgrades with new version\r\nCreated symlink /etc/systemd/system/multi-user.target.wants/unattended-upgrades.service -&gt; /lib/systemd/system/unattended-upgrades.service.\r\nSetting up python3-software-properties (0.96.24.32.12) ...\r\nSetting up cron (3.0pl1-128.1ubuntu1) ...\r\nAdding group `crontab' (GID 106) ...\r\nDone.\r\nCreated symlink /etc/systemd/system/multi-user.target.wants/cron.service -&gt; /lib/systemd/system/cron.service.\r\nupdate-rc.d: warning: start and stop actions are no longer supported; falling back to defaults\r\ninvoke-rc.d: could not determine current runlevel\r\ninvoke-rc.d: policy-rc.d denied execution of start.\r\nSetting up software-properties-common (0.96.24.32.12) ...\r\nProcessing triggers for dbus (1.12.2-1ubuntu1.1) ...\r\nProcessing triggers for systemd (237-3ubuntu10.33) ...\r\n&quot;,
&quot;stdout_lines&quot;: [
&quot;Reading package lists...&quot;,
&quot;Building dependency tree...&quot;,
&quot;Reading state information...&quot;,
&quot;The following additional packages will be installed:&quot;,
&quot;  cron iso-codes powermgmt-base python3-apt python3-software-properties&quot;,
&quot;  unattended-upgrades&quot;,
&quot;Suggested packages:&quot;,
&quot;  anacron logrotate checksecurity exim4 | postfix | mail-transport-agent&quot;,
&quot;  isoquery python3-apt-dbg python-apt-doc bsd-mailx default-mta&quot;,
&quot;  | mail-transport-agent needrestart&quot;,
&quot;The following NEW packages will be installed:&quot;,
&quot;  apt-transport-https cron gnupg2 iso-codes powermgmt-base python3-apt&quot;,
&quot;  python3-software-properties software-properties-common unattended-upgrades&quot;,
&quot;0 upgraded, 9 newly installed, 0 to remove and 0 not upgraded.&quot;,
&quot;Need to get 2872 kB of archives.&quot;,
&quot;After this operation, 21.0 MB of additional disk space will be used.&quot;,
&quot;Get:1 http://archive.ubuntu.com/ubuntu bionic/main amd64 cron amd64 3.0pl1-128.1ubuntu1 [68.8 kB]&quot;,
&quot;Get:2 http://archive.ubuntu.com/ubuntu bionic/main amd64 iso-codes all 3.79-1 [2565 kB]&quot;,
&quot;Get:3 http://archive.ubuntu.com/ubuntu bionic/main amd64 powermgmt-base all 1.33 [8660 B]&quot;,
&quot;Get:4 http://archive.ubuntu.com/ubuntu bionic-updates/main amd64 python3-apt amd64 1.6.4 [148 kB]&quot;,
&quot;Get:5 http://archive.ubuntu.com/ubuntu bionic-updates/universe amd64 apt-transport-https all 1.6.12 [1692 B]&quot;,
&quot;Get:6 http://archive.ubuntu.com/ubuntu bionic-updates/main amd64 python3-software-properties all 0.96.24.32.12 [23.6 kB]&quot;,
&quot;Get:7 http://archive.ubuntu.com/ubuntu bionic-updates/main amd64 software-properties-common all 0.96.24.32.12 [10.0 kB]&quot;,
&quot;Get:8 http://archive.ubuntu.com/ubuntu bionic-updates/main amd64 unattended-upgrades all 1.1ubuntu1.18.04.13 [41.7 kB]&quot;,
&quot;Get:9 http://archive.ubuntu.com/ubuntu bionic-updates/universe amd64 gnupg2 all 2.2.4-1ubuntu1.2 [4668 B]&quot;,
&quot;Fetched 2872 kB in 1s (3283 kB/s)&quot;,
&quot;Selecting previously unselected package cron.&quot;,
&quot;(Reading database ... &quot;,
&quot;(Reading database ... 5%&quot;,
&quot;(Reading database ... 10%&quot;,
&quot;(Reading database ... 15%&quot;,
&quot;(Reading database ... 20%&quot;,
&quot;(Reading database ... 25%&quot;,
&quot;(Reading database ... 30%&quot;,
&quot;(Reading database ... 35%&quot;,
&quot;(Reading database ... 40%&quot;,
&quot;(Reading database ... 45%&quot;,
&quot;(Reading database ... 50%&quot;,
&quot;(Reading database ... 55%&quot;,
&quot;(Reading database ... 60%&quot;,
&quot;(Reading database ... 65%&quot;,
&quot;(Reading database ... 70%&quot;,
&quot;(Reading database ... 75%&quot;,
&quot;(Reading database ... 80%&quot;,
&quot;(Reading database ... 85%&quot;,
&quot;(Reading database ... 90%&quot;,
&quot;(Reading database ... 95%&quot;,
&quot;(Reading database ... 100%&quot;,
&quot;(Reading database ... 11263 files and directories currently installed.)&quot;,
&quot;Preparing to unpack .../0-cron_3.0pl1-128.1ubuntu1_amd64.deb ...&quot;,
&quot;Unpacking cron (3.0pl1-128.1ubuntu1) ...&quot;,
&quot;Selecting previously unselected package iso-codes.&quot;,
&quot;Preparing to unpack .../1-iso-codes_3.79-1_all.deb ...&quot;,
&quot;Unpacking iso-codes (3.79-1) ...&quot;,
&quot;Selecting previously unselected package powermgmt-base.&quot;,
&quot;Preparing to unpack .../2-powermgmt-base_1.33_all.deb ...&quot;,
&quot;Unpacking powermgmt-base (1.33) ...&quot;,
&quot;Selecting previously unselected package python3-apt.&quot;,
&quot;Preparing to unpack .../3-python3-apt_1.6.4_amd64.deb ...&quot;,
&quot;Unpacking python3-apt (1.6.4) ...&quot;,
&quot;Selecting previously unselected package apt-transport-https.&quot;,
&quot;Preparing to unpack .../4-apt-transport-https_1.6.12_all.deb ...&quot;,
&quot;Unpacking apt-transport-https (1.6.12) ...&quot;,
&quot;Selecting previously unselected package python3-software-properties.&quot;,
&quot;Preparing to unpack .../5-python3-software-properties_0.96.24.32.12_all.deb ...&quot;,
&quot;Unpacking python3-software-properties (0.96.24.32.12) ...&quot;,
&quot;Selecting previously unselected package software-properties-common.&quot;,
&quot;Preparing to unpack .../6-software-properties-common_0.96.24.32.12_all.deb ...&quot;,
&quot;Unpacking software-properties-common (0.96.24.32.12) ...&quot;,
&quot;Selecting previously unselected package unattended-upgrades.&quot;,
&quot;Preparing to unpack .../7-unattended-upgrades_1.1ubuntu1.18.04.13_all.deb ...&quot;,
&quot;Unpacking unattended-upgrades (1.1ubuntu1.18.04.13) ...&quot;,
&quot;Selecting previously unselected package gnupg2.&quot;,
&quot;Preparing to unpack .../8-gnupg2_2.2.4-1ubuntu1.2_all.deb ...&quot;,
&quot;Unpacking gnupg2 (2.2.4-1ubuntu1.2) ...&quot;,
&quot;Setting up powermgmt-base (1.33) ...&quot;,
&quot;Setting up apt-transport-https (1.6.12) ...&quot;,
&quot;Setting up python3-apt (1.6.4) ...&quot;,
&quot;Setting up iso-codes (3.79-1) ...&quot;,
&quot;Setting up gnupg2 (2.2.4-1ubuntu1.2) ...&quot;,
&quot;Setting up unattended-upgrades (1.1ubuntu1.18.04.13) ...&quot;,
&quot;&quot;,
&quot;Creating config file /etc/apt/apt.conf.d/20auto-upgrades with new version&quot;,
&quot;&quot;,
&quot;Creating config file /etc/apt/apt.conf.d/50unattended-upgrades with new version&quot;,
&quot;Created symlink /etc/systemd/system/multi-user.target.wants/unattended-upgrades.service -&gt; /lib/systemd/system/unattended-upgrades.service.&quot;,
&quot;Setting up python3-software-properties (0.96.24.32.12) ...&quot;,
&quot;Setting up cron (3.0pl1-128.1ubuntu1) ...&quot;,
&quot;Adding group `crontab' (GID 106) ...&quot;,
&quot;Done.&quot;,
&quot;Created symlink /etc/systemd/system/multi-user.target.wants/cron.service -&gt; /lib/systemd/system/cron.service.&quot;,
&quot;update-rc.d: warning: start and stop actions are no longer supported; falling back to defaults&quot;,
&quot;invoke-rc.d: could not determine current runlevel&quot;,
&quot;invoke-rc.d: policy-rc.d denied execution of start.&quot;,
&quot;Setting up software-properties-common (0.96.24.32.12) ...&quot;,
&quot;Processing triggers for dbus (1.12.2-1ubuntu1.1) ...&quot;,
&quot;Processing triggers for systemd (237-3ubuntu10.33) ...&quot;
],
&quot;warnings&quot;: [
&quot;Updating cache and auto-installing missing dependency: python-apt&quot;,
&quot;Could not find aptitude. Using apt-get instead&quot;
]
}</system-out>
		</testcase>
		<testcase classname="/home/runner/work/sakura_cloud_sandbox/sakura_cloud_sandbox/roles/docker/tasks/main.yml:16" name="[ubuntu] Apply for ubuntu: docker : Add docker GPG key url=https://download.docker.com/linux/ubuntu/gpg" time="2.824916">
			<system-out>{
&quot;changed&quot;: true
}</system-out>
		</testcase>
		<testcase classname="/home/runner/work/sakura_cloud_sandbox/sakura_cloud_sandbox/roles/docker/tasks/main.yml:21" name="[ubuntu] Apply for ubuntu: docker : Add apt repository repo=deb [arch=amd64] https://download.docker.com/linux/ubuntu {{ ansible_distribution_release }} stable" time="2.186448">
			<system-out>{
&quot;changed&quot;: true,
&quot;repo&quot;: &quot;deb [arch=amd64] https://download.docker.com/linux/ubuntu bionic stable&quot;,
&quot;state&quot;: &quot;present&quot;
}</system-out>
		</testcase>
		<testcase classname="/home/runner/work/sakura_cloud_sandbox/sakura_cloud_sandbox/roles/docker/tasks/main.yml:26" name="[ubuntu] Apply for ubuntu: docker : Install Docker packages name={{ packages }}, state=present" time="19.231060">
			<system-out>{
&quot;cache_update_time&quot;: 1577786115,
&quot;cache_updated&quot;: false,
&quot;changed&quot;: true,
&quot;stderr&quot;: &quot;debconf: delaying package configuration, since apt-utils is not installed\n&quot;,
&quot;stderr_lines&quot;: [
&quot;debconf: delaying package configuration, since apt-utils is not installed&quot;
],
&quot;stdout&quot;: &quot;Reading package lists...\nBuilding dependency tree...\nReading state information...\nThe following additional packages will be installed:\n  apparmor aufs-tools cgroupfs-mount git git-man iptables less libcurl3-gnutls\n  liberror-perl libgdbm-compat4 libgdbm5 libip6tc0 libiptc0 libltdl7 libmnl0\n  libnetfilter-conntrack3 libnfnetlink0 libperl5.26 libxtables12 netbase patch\n  perl perl-modules-5.26 pigz\nSuggested packages:\n  apparmor-profiles-extra apparmor-utils gettext-base git-daemon-run\n  | git-daemon-sysvinit git-doc git-el git-email git-gui gitk gitweb git-cvs\n  git-mediawiki git-svn kmod gdbm-l10n ed diffutils-doc perl-doc\n  libterm-readline-gnu-perl | libterm-readline-perl-perl make\nThe following NEW packages will be installed:\n  apparmor aufs-tools cgroupfs-mount containerd.io docker-ce docker-ce-cli git\n  git-man iptables less libcurl3-gnutls liberror-perl libgdbm-compat4 libgdbm5\n  libip6tc0 libiptc0 libltdl7 libmnl0 libnetfilter-conntrack3 libnfnetlink0\n  libperl5.26 libxtables12 netbase patch perl perl-modules-5.26 pigz\n0 upgraded, 27 newly installed, 0 to remove and 0 not upgraded.\nNeed to get 98.1 MB of archives.\nAfter this operation, 465 MB of additional disk space will be used.\nGet:1 https://download.docker.com/linux/ubuntu bionic/stable amd64 containerd.io amd64 1.2.10-3 [20.0 MB]\nGet:2 http://archive.ubuntu.com/ubuntu bionic/main amd64 libnfnetlink0 amd64 1.0.1-3 [13.3 kB]\nGet:3 http://archive.ubuntu.com/ubuntu bionic-updates/main amd64 perl-modules-5.26 all 5.26.1-6ubuntu0.3 [2763 kB]\nGet:4 https://download.docker.com/linux/ubuntu bionic/stable amd64 docker-ce-cli amd64 5:19.03.5~3-0~ubuntu-bionic [42.5 MB]\nGet:5 http://archive.ubuntu.com/ubuntu bionic/main amd64 libgdbm5 amd64 1.14.1-6 [26.0 kB]\nGet:6 http://archive.ubuntu.com/ubuntu bionic/main amd64 libgdbm-compat4 amd64 1.14.1-6 [6084 B]\nGet:7 http://archive.ubuntu.com/ubuntu bionic-updates/main amd64 libperl5.26 amd64 5.26.1-6ubuntu0.3 [3527 kB]\nGet:8 http://archive.ubuntu.com/ubuntu bionic-updates/main amd64 perl amd64 5.26.1-6ubuntu0.3 [201 kB]\nGet:9 http://archive.ubuntu.com/ubuntu bionic/universe amd64 pigz amd64 2.4-1 [57.4 kB]\nGet:10 http://archive.ubuntu.com/ubuntu bionic/main amd64 less amd64 487-0.1 [112 kB]\nGet:11 http://archive.ubuntu.com/ubuntu bionic/main amd64 libmnl0 amd64 1.0.4-2 [12.3 kB]\nGet:12 http://archive.ubuntu.com/ubuntu bionic/main amd64 libxtables12 amd64 1.6.1-2ubuntu2 [27.9 kB]\nGet:13 http://archive.ubuntu.com/ubuntu bionic/main amd64 netbase all 5.4 [12.7 kB]\nGet:14 http://archive.ubuntu.com/ubuntu bionic-updates/main amd64 apparmor amd64 2.12-4ubuntu5.1 [487 kB]\nGet:15 http://archive.ubuntu.com/ubuntu bionic/main amd64 libip6tc0 amd64 1.6.1-2ubuntu2 [19.9 kB]\nGet:16 http://archive.ubuntu.com/ubuntu bionic/main amd64 libiptc0 amd64 1.6.1-2ubuntu2 [9308 B]\nGet:17 http://archive.ubuntu.com/ubuntu bionic/main amd64 libnetfilter-conntrack3 amd64 1.0.6-2 [37.8 kB]\nGet:18 http://archive.ubuntu.com/ubuntu bionic/main amd64 iptables amd64 1.6.1-2ubuntu2 [269 kB]\nGet:19 http://archive.ubuntu.com/ubuntu bionic/universe amd64 aufs-tools amd64 1:4.9+20170918-1ubuntu1 [104 kB]\nGet:20 http://archive.ubuntu.com/ubuntu bionic/universe amd64 cgroupfs-mount all 1.4 [6320 B]\nGet:21 http://archive.ubuntu.com/ubuntu bionic-updates/main amd64 libcurl3-gnutls amd64 7.58.0-2ubuntu3.8 [213 kB]\nGet:22 http://archive.ubuntu.com/ubuntu bionic/main amd64 liberror-perl all 0.17025-1 [22.8 kB]\nGet:23 http://archive.ubuntu.com/ubuntu bionic-updates/main amd64 git-man all 1:2.17.1-1ubuntu0.5 [803 kB]\nGet:24 https://download.docker.com/linux/ubuntu bionic/stable amd64 docker-ce amd64 5:19.03.5~3-0~ubuntu-bionic [22.8 MB]\nGet:25 http://archive.ubuntu.com/ubuntu bionic-updates/main amd64 git amd64 1:2.17.1-1ubuntu0.5 [3912 kB]\nGet:26 http://archive.ubuntu.com/ubuntu bionic/main amd64 libltdl7 amd64 2.4.6-2 [38.8 kB]\nGet:27 http://archive.ubuntu.com/ubuntu bionic-updates/main amd64 patch amd64 2.7.6-2ubuntu1.1 [102 kB]\nFetched 98.1 MB in 2s (49.9 MB/s)\nSelecting previously unselected package libnfnetlink0:amd64.\r\n(Reading database ... \r(Reading database ... 5%\r(Reading database ... 10%\r(Reading database ... 15%\r(Reading database ... 20%\r(Reading database ... 25%\r(Reading database ... 30%\r(Reading database ... 35%\r(Reading database ... 40%\r(Reading database ... 45%\r(Reading database ... 50%\r(Reading database ... 55%\r(Reading database ... 60%\r(Reading database ... 65%\r(Reading database ... 70%\r(Reading database ... 75%\r(Reading database ... 80%\r(Reading database ... 85%\r(Reading database ... 90%\r(Reading database ... 95%\r(Reading database ... 100%\r(Reading database ... 12527 files and directories currently installed.)\r\nPreparing to unpack .../00-libnfnetlink0_1.0.1-3_amd64.deb ...\r\nUnpacking libnfnetlink0:amd64 (1.0.1-3) ...\r\nSelecting previously unselected package perl-modules-5.26.\r\nPreparing to unpack .../01-perl-modules-5.26_5.26.1-6ubuntu0.3_all.deb ...\r\nUnpacking perl-modules-5.26 (5.26.1-6ubuntu0.3) ...\r\nSelecting previously unselected package libgdbm5:amd64.\r\nPreparing to unpack .../02-libgdbm5_1.14.1-6_amd64.deb ...\r\nUnpacking libgdbm5:amd64 (1.14.1-6) ...\r\nSelecting previously unselected package libgdbm-compat4:amd64.\r\nPreparing to unpack .../03-libgdbm-compat4_1.14.1-6_amd64.deb ...\r\nUnpacking libgdbm-compat4:amd64 (1.14.1-6) ...\r\nSelecting previously unselected package libperl5.26:amd64.\r\nPreparing to unpack .../04-libperl5.26_5.26.1-6ubuntu0.3_amd64.deb ...\r\nUnpacking libperl5.26:amd64 (5.26.1-6ubuntu0.3) ...\r\nSelecting previously unselected package perl.\r\nPreparing to unpack .../05-perl_5.26.1-6ubuntu0.3_amd64.deb ...\r\nUnpacking perl (5.26.1-6ubuntu0.3) ...\r\nSelecting previously unselected package pigz.\r\nPreparing to unpack .../06-pigz_2.4-1_amd64.deb ...\r\nUnpacking pigz (2.4-1) ...\r\nSelecting previously unselected package less.\r\nPreparing to unpack .../07-less_487-0.1_amd64.deb ...\r\nUnpacking less (487-0.1) ...\r\nSelecting previously unselected package libmnl0:amd64.\r\nPreparing to unpack .../08-libmnl0_1.0.4-2_amd64.deb ...\r\nUnpacking libmnl0:amd64 (1.0.4-2) ...\r\nSelecting previously unselected package libxtables12:amd64.\r\nPreparing to unpack .../09-libxtables12_1.6.1-2ubuntu2_amd64.deb ...\r\nUnpacking libxtables12:amd64 (1.6.1-2ubuntu2) ...\r\nSelecting previously unselected package netbase.\r\nPreparing to unpack .../10-netbase_5.4_all.deb ...\r\nUnpacking netbase (5.4) ...\r\nSelecting previously unselected package apparmor.\r\nPreparing to unpack .../11-apparmor_2.12-4ubuntu5.1_amd64.deb ...\r\nUnpacking apparmor (2.12-4ubuntu5.1) ...\r\nSelecting previously unselected package libip6tc0:amd64.\r\nPreparing to unpack .../12-libip6tc0_1.6.1-2ubuntu2_amd64.deb ...\r\nUnpacking libip6tc0:amd64 (1.6.1-2ubuntu2) ...\r\nSelecting previously unselected package libiptc0:amd64.\r\nPreparing to unpack .../13-libiptc0_1.6.1-2ubuntu2_amd64.deb ...\r\nUnpacking libiptc0:amd64 (1.6.1-2ubuntu2) ...\r\nSelecting previously unselected package libnetfilter-conntrack3:amd64.\r\nPreparing to unpack .../14-libnetfilter-conntrack3_1.0.6-2_amd64.deb ...\r\nUnpacking libnetfilter-conntrack3:amd64 (1.0.6-2) ...\r\nSelecting previously unselected package iptables.\r\nPreparing to unpack .../15-iptables_1.6.1-2ubuntu2_amd64.deb ...\r\nUnpacking iptables (1.6.1-2ubuntu2) ...\r\nSelecting previously unselected package aufs-tools.\r\nPreparing to unpack .../16-aufs-tools_1%3a4.9+20170918-1ubuntu1_amd64.deb ...\r\nUnpacking aufs-tools (1:4.9+20170918-1ubuntu1) ...\r\nSelecting previously unselected package cgroupfs-mount.\r\nPreparing to unpack .../17-cgroupfs-mount_1.4_all.deb ...\r\nUnpacking cgroupfs-mount (1.4) ...\r\nSelecting previously unselected package containerd.io.\r\nPreparing to unpack .../18-containerd.io_1.2.10-3_amd64.deb ...\r\nUnpacking containerd.io (1.2.10-3) ...\r\nSelecting previously unselected package docker-ce-cli.\r\nPreparing to unpack .../19-docker-ce-cli_5%3a19.03.5~3-0~ubuntu-bionic_amd64.deb ...\r\nUnpacking docker-ce-cli (5:19.03.5~3-0~ubuntu-bionic) ...\r\nSelecting previously unselected package docker-ce.\r\nPreparing to unpack .../20-docker-ce_5%3a19.03.5~3-0~ubuntu-bionic_amd64.deb ...\r\nUnpacking docker-ce (5:19.03.5~3-0~ubuntu-bionic) ...\r\nSelecting previously unselected package libcurl3-gnutls:amd64.\r\nPreparing to unpack .../21-libcurl3-gnutls_7.58.0-2ubuntu3.8_amd64.deb ...\r\nUnpacking libcurl3-gnutls:amd64 (7.58.0-2ubuntu3.8) ...\r\nSelecting previously unselected package liberror-perl.\r\nPreparing to unpack .../22-liberror-perl_0.17025-1_all.deb ...\r\nUnpacking liberror-perl (0.17025-1) ...\r\nSelecting previously unselected package git-man.\r\nPreparing to unpack .../23-git-man_1%3a2.17.1-1ubuntu0.5_all.deb ...\r\nUnpacking git-man (1:2.17.1-1ubuntu0.5) ...\r\nSelecting previously unselected package git.\r\nPreparing to unpack .../24-git_1%3a2.17.1-1ubuntu0.5_amd64.deb ...\r\nUnpacking git (1:2.17.1-1ubuntu0.5) ...\r\nSelecting previously unselected package libltdl7:amd64.\r\nPreparing to unpack .../25-libltdl7_2.4.6-2_amd64.deb ...\r\nUnpacking libltdl7:amd64 (2.4.6-2) ...\r\nSelecting previously unselected package patch.\r\nPreparing to unpack .../26-patch_2.7.6-2ubuntu1.1_amd64.deb ...\r\nUnpacking patch (2.7.6-2ubuntu1.1) ...\r\nSetting up aufs-tools (1:4.9+20170918-1ubuntu1) ...\r\nSetting up git-man (1:2.17.1-1ubuntu0.5) ...\r\nSetting up less (487-0.1) ...\r\nSetting up containerd.io (1.2.10-3) ...\r\nCreated symlink /etc/systemd/system/multi-user.target.wants/containerd.service -&gt; /lib/systemd/system/containerd.service.\r\nSetting up libcurl3-gnutls:amd64 (7.58.0-2ubuntu3.8) ...\r\nSetting up libiptc0:amd64 (1.6.1-2ubuntu2) ...\r\nSetting up apparmor (2.12-4ubuntu5.1) ...\r\nCreated symlink /etc/systemd/system/sysinit.target.wants/apparmor.service -&gt; /lib/systemd/system/apparmor.service.\r\nSetting up perl-modules-5.26 (5.26.1-6ubuntu0.3) ...\r\nSetting up libgdbm5:amd64 (1.14.1-6) ...\r\nSetting up cgroupfs-mount (1.4) ...\r\ninvoke-rc.d: could not determine current runlevel\r\ninvoke-rc.d: policy-rc.d denied execution of start.\r\nSetting up patch (2.7.6-2ubuntu1.1) ...\r\nSetting up libxtables12:amd64 (1.6.1-2ubuntu2) ...\r\nSetting up libltdl7:amd64 (2.4.6-2) ...\r\nSetting up libnfnetlink0:amd64 (1.0.1-3) ...\r\nSetting up libgdbm-compat4:amd64 (1.14.1-6) ...\r\nSetting up docker-ce-cli (5:19.03.5~3-0~ubuntu-bionic) ...\r\nSetting up libmnl0:amd64 (1.0.4-2) ...\r\nSetting up pigz (2.4-1) ...\r\nSetting up libip6tc0:amd64 (1.6.1-2ubuntu2) ...\r\nSetting up netbase (5.4) ...\r\nSetting up libnetfilter-conntrack3:amd64 (1.0.6-2) ...\r\nSetting up libperl5.26:amd64 (5.26.1-6ubuntu0.3) ...\r\nSetting up iptables (1.6.1-2ubuntu2) ...\r\nSetting up docker-ce (5:19.03.5~3-0~ubuntu-bionic) ...\r\nCreated symlink /etc/systemd/system/multi-user.target.wants/docker.service -&gt; /lib/systemd/system/docker.service.\r\nCreated symlink /etc/systemd/system/sockets.target.wants/docker.socket -&gt; /lib/systemd/system/docker.socket.\r\ninvoke-rc.d: could not determine current runlevel\r\ninvoke-rc.d: policy-rc.d denied execution of start.\r\nSetting up perl (5.26.1-6ubuntu0.3) ...\r\nSetting up liberror-perl (0.17025-1) ...\r\nSetting up git (1:2.17.1-1ubuntu0.5) ...\r\nProcessing triggers for libc-bin (2.27-3ubuntu1) ...\r\nProcessing triggers for systemd (237-3ubuntu10.33) ...\r\nProcessing triggers for mime-support (3.60ubuntu1) ...\r\n&quot;,
&quot;stdout_lines&quot;: [
&quot;Reading package lists...&quot;,
&quot;Building dependency tree...&quot;,
&quot;Reading state information...&quot;,
&quot;The following additional packages will be installed:&quot;,
&quot;  apparmor aufs-tools cgroupfs-mount git git-man iptables less libcurl3-gnutls&quot;,
&quot;  liberror-perl libgdbm-compat4 libgdbm5 libip6tc0 libiptc0 libltdl7 libmnl0&quot;,
&quot;  libnetfilter-conntrack3 libnfnetlink0 libperl5.26 libxtables12 netbase patch&quot;,
&quot;  perl perl-modules-5.26 pigz&quot;,
&quot;Suggested packages:&quot;,
&quot;  apparmor-profiles-extra apparmor-utils gettext-base git-daemon-run&quot;,
&quot;  | git-daemon-sysvinit git-doc git-el git-email git-gui gitk gitweb git-cvs&quot;,
&quot;  git-mediawiki git-svn kmod gdbm-l10n ed diffutils-doc perl-doc&quot;,
&quot;  libterm-readline-gnu-perl | libterm-readline-perl-perl make&quot;,
&quot;The following NEW packages will be installed:&quot;,
&quot;  apparmor aufs-tools cgroupfs-mount containerd.io docker-ce docker-ce-cli git&quot;,
&quot;  git-man iptables less libcurl3-gnutls liberror-perl libgdbm-compat4 libgdbm5&quot;,
&quot;  libip6tc0 libiptc0 libltdl7 libmnl0 libnetfilter-conntrack3 libnfnetlink0&quot;,
&quot;  libperl5.26 libxtables12 netbase patch perl perl-modules-5.26 pigz&quot;,
&quot;0 upgraded, 27 newly installed, 0 to remove and 0 not upgraded.&quot;,
&quot;Need to get 98.1 MB of archives.&quot;,
&quot;After this operation, 465 MB of additional disk space will be used.&quot;,
&quot;Get:1 https://download.docker.com/linux/ubuntu bionic/stable amd64 containerd.io amd64 1.2.10-3 [20.0 MB]&quot;,
&quot;Get:2 http://archive.ubuntu.com/ubuntu bionic/main amd64 libnfnetlink0 amd64 1.0.1-3 [13.3 kB]&quot;,
&quot;Get:3 http://archive.ubuntu.com/ubuntu bionic-updates/main amd64 perl-modules-5.26 all 5.26.1-6ubuntu0.3 [2763 kB]&quot;,
&quot;Get:4 https://download.docker.com/linux/ubuntu bionic/stable amd64 docker-ce-cli amd64 5:19.03.5~3-0~ubuntu-bionic [42.5 MB]&quot;,
&quot;Get:5 http://archive.ubuntu.com/ubuntu bionic/main amd64 libgdbm5 amd64 1.14.1-6 [26.0 kB]&quot;,
&quot;Get:6 http://archive.ubuntu.com/ubuntu bionic/main amd64 libgdbm-compat4 amd64 1.14.1-6 [6084 B]&quot;,
&quot;Get:7 http://archive.ubuntu.com/ubuntu bionic-updates/main amd64 libperl5.26 amd64 5.26.1-6ubuntu0.3 [3527 kB]&quot;,
&quot;Get:8 http://archive.ubuntu.com/ubuntu bionic-updates/main amd64 perl amd64 5.26.1-6ubuntu0.3 [201 kB]&quot;,
&quot;Get:9 http://archive.ubuntu.com/ubuntu bionic/universe amd64 pigz amd64 2.4-1 [57.4 kB]&quot;,
&quot;Get:10 http://archive.ubuntu.com/ubuntu bionic/main amd64 less amd64 487-0.1 [112 kB]&quot;,
&quot;Get:11 http://archive.ubuntu.com/ubuntu bionic/main amd64 libmnl0 amd64 1.0.4-2 [12.3 kB]&quot;,
&quot;Get:12 http://archive.ubuntu.com/ubuntu bionic/main amd64 libxtables12 amd64 1.6.1-2ubuntu2 [27.9 kB]&quot;,
&quot;Get:13 http://archive.ubuntu.com/ubuntu bionic/main amd64 netbase all 5.4 [12.7 kB]&quot;,
&quot;Get:14 http://archive.ubuntu.com/ubuntu bionic-updates/main amd64 apparmor amd64 2.12-4ubuntu5.1 [487 kB]&quot;,
&quot;Get:15 http://archive.ubuntu.com/ubuntu bionic/main amd64 libip6tc0 amd64 1.6.1-2ubuntu2 [19.9 kB]&quot;,
&quot;Get:16 http://archive.ubuntu.com/ubuntu bionic/main amd64 libiptc0 amd64 1.6.1-2ubuntu2 [9308 B]&quot;,
&quot;Get:17 http://archive.ubuntu.com/ubuntu bionic/main amd64 libnetfilter-conntrack3 amd64 1.0.6-2 [37.8 kB]&quot;,
&quot;Get:18 http://archive.ubuntu.com/ubuntu bionic/main amd64 iptables amd64 1.6.1-2ubuntu2 [269 kB]&quot;,
&quot;Get:19 http://archive.ubuntu.com/ubuntu bionic/universe amd64 aufs-tools amd64 1:4.9+20170918-1ubuntu1 [104 kB]&quot;,
&quot;Get:20 http://archive.ubuntu.com/ubuntu bionic/universe amd64 cgroupfs-mount all 1.4 [6320 B]&quot;,
&quot;Get:21 http://archive.ubuntu.com/ubuntu bionic-updates/main amd64 libcurl3-gnutls amd64 7.58.0-2ubuntu3.8 [213 kB]&quot;,
&quot;Get:22 http://archive.ubuntu.com/ubuntu bionic/main amd64 liberror-perl all 0.17025-1 [22.8 kB]&quot;,
&quot;Get:23 http://archive.ubuntu.com/ubuntu bionic-updates/main amd64 git-man all 1:2.17.1-1ubuntu0.5 [803 kB]&quot;,
&quot;Get:24 https://download.docker.com/linux/ubuntu bionic/stable amd64 docker-ce amd64 5:19.03.5~3-0~ubuntu-bionic [22.8 MB]&quot;,
&quot;Get:25 http://archive.ubuntu.com/ubuntu bionic-updates/main amd64 git amd64 1:2.17.1-1ubuntu0.5 [3912 kB]&quot;,
&quot;Get:26 http://archive.ubuntu.com/ubuntu bionic/main amd64 libltdl7 amd64 2.4.6-2 [38.8 kB]&quot;,
&quot;Get:27 http://archive.ubuntu.com/ubuntu bionic-updates/main amd64 patch amd64 2.7.6-2ubuntu1.1 [102 kB]&quot;,
&quot;Fetched 98.1 MB in 2s (49.9 MB/s)&quot;,
&quot;Selecting previously unselected package libnfnetlink0:amd64.&quot;,
&quot;(Reading database ... &quot;,
&quot;(Reading database ... 5%&quot;,
&quot;(Reading database ... 10%&quot;,
&quot;(Reading database ... 15%&quot;,
&quot;(Reading database ... 20%&quot;,
&quot;(Reading database ... 25%&quot;,
&quot;(Reading database ... 30%&quot;,
&quot;(Reading database ... 35%&quot;,
&quot;(Reading database ... 40%&quot;,
&quot;(Reading database ... 45%&quot;,
&quot;(Reading database ... 50%&quot;,
&quot;(Reading database ... 55%&quot;,
&quot;(Reading database ... 60%&quot;,
&quot;(Reading database ... 65%&quot;,
&quot;(Reading database ... 70%&quot;,
&quot;(Reading database ... 75%&quot;,
&quot;(Reading database ... 80%&quot;,
&quot;(Reading database ... 85%&quot;,
&quot;(Reading database ... 90%&quot;,
&quot;(Reading database ... 95%&quot;,
&quot;(Reading database ... 100%&quot;,
&quot;(Reading database ... 12527 files and directories currently installed.)&quot;,
&quot;Preparing to unpack .../00-libnfnetlink0_1.0.1-3_amd64.deb ...&quot;,
&quot;Unpacking libnfnetlink0:amd64 (1.0.1-3) ...&quot;,
&quot;Selecting previously unselected package perl-modules-5.26.&quot;,
&quot;Preparing to unpack .../01-perl-modules-5.26_5.26.1-6ubuntu0.3_all.deb ...&quot;,
&quot;Unpacking perl-modules-5.26 (5.26.1-6ubuntu0.3) ...&quot;,
&quot;Selecting previously unselected package libgdbm5:amd64.&quot;,
&quot;Preparing to unpack .../02-libgdbm5_1.14.1-6_amd64.deb ...&quot;,
&quot;Unpacking libgdbm5:amd64 (1.14.1-6) ...&quot;,
&quot;Selecting previously unselected package libgdbm-compat4:amd64.&quot;,
&quot;Preparing to unpack .../03-libgdbm-compat4_1.14.1-6_amd64.deb ...&quot;,
&quot;Unpacking libgdbm-compat4:amd64 (1.14.1-6) ...&quot;,
&quot;Selecting previously unselected package libperl5.26:amd64.&quot;,
&quot;Preparing to unpack .../04-libperl5.26_5.26.1-6ubuntu0.3_amd64.deb ...&quot;,
&quot;Unpacking libperl5.26:amd64 (5.26.1-6ubuntu0.3) ...&quot;,
&quot;Selecting previously unselected package perl.&quot;,
&quot;Preparing to unpack .../05-perl_5.26.1-6ubuntu0.3_amd64.deb ...&quot;,
&quot;Unpacking perl (5.26.1-6ubuntu0.3) ...&quot;,
&quot;Selecting previously unselected package pigz.&quot;,
&quot;Preparing to unpack .../06-pigz_2.4-1_amd64.deb ...&quot;,
&quot;Unpacking pigz (2.4-1) ...&quot;,
&quot;Selecting previously unselected package less.&quot;,
&quot;Preparing to unpack .../07-less_487-0.1_amd64.deb ...&quot;,
&quot;Unpacking less (487-0.1) ...&quot;,
&quot;Selecting previously unselected package libmnl0:amd64.&quot;,
&quot;Preparing to unpack .../08-libmnl0_1.0.4-2_amd64.deb ...&quot;,
&quot;Unpacking libmnl0:amd64 (1.0.4-2) ...&quot;,
&quot;Selecting previously unselected package libxtables12:amd64.&quot;,
&quot;Preparing to unpack .../09-libxtables12_1.6.1-2ubuntu2_amd64.deb ...&quot;,
&quot;Unpacking libxtables12:amd64 (1.6.1-2ubuntu2) ...&quot;,
&quot;Selecting previously unselected package netbase.&quot;,
&quot;Preparing to unpack .../10-netbase_5.4_all.deb ...&quot;,
&quot;Unpacking netbase (5.4) ...&quot;,
&quot;Selecting previously unselected package apparmor.&quot;,
&quot;Preparing to unpack .../11-apparmor_2.12-4ubuntu5.1_amd64.deb ...&quot;,
&quot;Unpacking apparmor (2.12-4ubuntu5.1) ...&quot;,
&quot;Selecting previously unselected package libip6tc0:amd64.&quot;,
&quot;Preparing to unpack .../12-libip6tc0_1.6.1-2ubuntu2_amd64.deb ...&quot;,
&quot;Unpacking libip6tc0:amd64 (1.6.1-2ubuntu2) ...&quot;,
&quot;Selecting previously unselected package libiptc0:amd64.&quot;,
&quot;Preparing to unpack .../13-libiptc0_1.6.1-2ubuntu2_amd64.deb ...&quot;,
&quot;Unpacking libiptc0:amd64 (1.6.1-2ubuntu2) ...&quot;,
&quot;Selecting previously unselected package libnetfilter-conntrack3:amd64.&quot;,
&quot;Preparing to unpack .../14-libnetfilter-conntrack3_1.0.6-2_amd64.deb ...&quot;,
&quot;Unpacking libnetfilter-conntrack3:amd64 (1.0.6-2) ...&quot;,
&quot;Selecting previously unselected package iptables.&quot;,
&quot;Preparing to unpack .../15-iptables_1.6.1-2ubuntu2_amd64.deb ...&quot;,
&quot;Unpacking iptables (1.6.1-2ubuntu2) ...&quot;,
&quot;Selecting previously unselected package aufs-tools.&quot;,
&quot;Preparing to unpack .../16-aufs-tools_1%3a4.9+20170918-1ubuntu1_amd64.deb ...&quot;,
&quot;Unpacking aufs-tools (1:4.9+20170918-1ubuntu1) ...&quot;,
&quot;Selecting previously unselected package cgroupfs-mount.&quot;,
&quot;Preparing to unpack .../17-cgroupfs-mount_1.4_all.deb ...&quot;,
&quot;Unpacking cgroupfs-mount (1.4) ...&quot;,
&quot;Selecting previously unselected package containerd.io.&quot;,
&quot;Preparing to unpack .../18-containerd.io_1.2.10-3_amd64.deb ...&quot;,
&quot;Unpacking containerd.io (1.2.10-3) ...&quot;,
&quot;Selecting previously unselected package docker-ce-cli.&quot;,
&quot;Preparing to unpack .../19-docker-ce-cli_5%3a19.03.5~3-0~ubuntu-bionic_amd64.deb ...&quot;,
&quot;Unpacking docker-ce-cli (5:19.03.5~3-0~ubuntu-bionic) ...&quot;,
&quot;Selecting previously unselected package docker-ce.&quot;,
&quot;Preparing to unpack .../20-docker-ce_5%3a19.03.5~3-0~ubuntu-bionic_amd64.deb ...&quot;,
&quot;Unpacking docker-ce (5:19.03.5~3-0~ubuntu-bionic) ...&quot;,
&quot;Selecting previously unselected package libcurl3-gnutls:amd64.&quot;,
&quot;Preparing to unpack .../21-libcurl3-gnutls_7.58.0-2ubuntu3.8_amd64.deb ...&quot;,
&quot;Unpacking libcurl3-gnutls:amd64 (7.58.0-2ubuntu3.8) ...&quot;,
&quot;Selecting previously unselected package liberror-perl.&quot;,
&quot;Preparing to unpack .../22-liberror-perl_0.17025-1_all.deb ...&quot;,
&quot;Unpacking liberror-perl (0.17025-1) ...&quot;,
&quot;Selecting previously unselected package git-man.&quot;,
&quot;Preparing to unpack .../23-git-man_1%3a2.17.1-1ubuntu0.5_all.deb ...&quot;,
&quot;Unpacking git-man (1:2.17.1-1ubuntu0.5) ...&quot;,
&quot;Selecting previously unselected package git.&quot;,
&quot;Preparing to unpack .../24-git_1%3a2.17.1-1ubuntu0.5_amd64.deb ...&quot;,
&quot;Unpacking git (1:2.17.1-1ubuntu0.5) ...&quot;,
&quot;Selecting previously unselected package libltdl7:amd64.&quot;,
&quot;Preparing to unpack .../25-libltdl7_2.4.6-2_amd64.deb ...&quot;,
&quot;Unpacking libltdl7:amd64 (2.4.6-2) ...&quot;,
&quot;Selecting previously unselected package patch.&quot;,
&quot;Preparing to unpack .../26-patch_2.7.6-2ubuntu1.1_amd64.deb ...&quot;,
&quot;Unpacking patch (2.7.6-2ubuntu1.1) ...&quot;,
&quot;Setting up aufs-tools (1:4.9+20170918-1ubuntu1) ...&quot;,
&quot;Setting up git-man (1:2.17.1-1ubuntu0.5) ...&quot;,
&quot;Setting up less (487-0.1) ...&quot;,
&quot;Setting up containerd.io (1.2.10-3) ...&quot;,
&quot;Created symlink /etc/systemd/system/multi-user.target.wants/containerd.service -&gt; /lib/systemd/system/containerd.service.&quot;,
&quot;Setting up libcurl3-gnutls:amd64 (7.58.0-2ubuntu3.8) ...&quot;,
&quot;Setting up libiptc0:amd64 (1.6.1-2ubuntu2) ...&quot;,
&quot;Setting up apparmor (2.12-4ubuntu5.1) ...&quot;,
&quot;Created symlink /etc/systemd/system/sysinit.target.wants/apparmor.service -&gt; /lib/systemd/system/apparmor.service.&quot;,
&quot;Setting up perl-modules-5.26 (5.26.1-6ubuntu0.3) ...&quot;,
&quot;Setting up libgdbm5:amd64 (1.14.1-6) ...&quot;,
&quot;Setting up cgroupfs-mount (1.4) ...&quot;,
&quot;invoke-rc.d: could not determine current runlevel&quot;,
&quot;invoke-rc.d: policy-rc.d denied execution of start.&quot;,
&quot;Setting up patch (2.7.6-2ubuntu1.1) ...&quot;,
&quot;Setting up libxtables12:amd64 (1.6.1-2ubuntu2) ...&quot;,
&quot;Setting up libltdl7:amd64 (2.4.6-2) ...&quot;,
&quot;Setting up libnfnetlink0:amd64 (1.0.1-3) ...&quot;,
&quot;Setting up libgdbm-compat4:amd64 (1.14.1-6) ...&quot;,
&quot;Setting up docker-ce-cli (5:19.03.5~3-0~ubuntu-bionic) ...&quot;,
&quot;Setting up libmnl0:amd64 (1.0.4-2) ...&quot;,
&quot;Setting up pigz (2.4-1) ...&quot;,
&quot;Setting up libip6tc0:amd64 (1.6.1-2ubuntu2) ...&quot;,
&quot;Setting up netbase (5.4) ...&quot;,
&quot;Setting up libnetfilter-conntrack3:amd64 (1.0.6-2) ...&quot;,
&quot;Setting up libperl5.26:amd64 (5.26.1-6ubuntu0.3) ...&quot;,
&quot;Setting up iptables (1.6.1-2ubuntu2) ...&quot;,
&quot;Setting up docker-ce (5:19.03.5~3-0~ubuntu-bionic) ...&quot;,
&quot;Created symlink /etc/systemd/system/multi-user.target.wants/docker.service -&gt; /lib/systemd/system/docker.service.&quot;,
&quot;Created symlink /etc/systemd/system/sockets.target.wants/docker.socket -&gt; /lib/systemd/system/docker.socket.&quot;,
&quot;invoke-rc.d: could not determine current runlevel&quot;,
&quot;invoke-rc.d: policy-rc.d denied execution of start.&quot;,
&quot;Setting up perl (5.26.1-6ubuntu0.3) ...&quot;,
&quot;Setting up liberror-perl (0.17025-1) ...&quot;,
&quot;Setting up git (1:2.17.1-1ubuntu0.5) ...&quot;,
&quot;Processing triggers for libc-bin (2.27-3ubuntu1) ...&quot;,
&quot;Processing triggers for systemd (237-3ubuntu10.33) ...&quot;,
&quot;Processing triggers for mime-support (3.60ubuntu1) ...&quot;
],
&quot;warnings&quot;: [
&quot;Could not find aptitude. Using apt-get instead&quot;
]
}</system-out>
		</testcase>
		<testcase classname="/home/runner/work/sakura_cloud_sandbox/sakura_cloud_sandbox/roles/docker/tasks/main.yml:37" name="[ubuntu] Apply for ubuntu: docker : Add user to docker group name={{ ansible_env.USER }}, groups=docker, append=True" time="1.551464">
			<system-out>{
&quot;append&quot;: true,
&quot;changed&quot;: true,
&quot;comment&quot;: &quot;&quot;,
&quot;group&quot;: 1000,
&quot;groups&quot;: &quot;docker&quot;,
&quot;home&quot;: &quot;/home/kitchen&quot;,
&quot;move_home&quot;: false,
&quot;name&quot;: &quot;kitchen&quot;,
&quot;shell&quot;: &quot;/bin/bash&quot;,
&quot;state&quot;: &quot;present&quot;,
&quot;uid&quot;: 1000
}</system-out>
		</testcase>
		<testcase classname="/home/runner/work/sakura_cloud_sandbox/sakura_cloud_sandbox/roles/docker/tasks/main.yml:44" name="[ubuntu] Apply for ubuntu: docker : Install docker-compose url=https://github.com/docker/compose/releases/download/1.24.0/docker-compose-{{ ansible_system }}-{{ ansible_architecture }}, dest=/usr/local/bin/docker-compose, mode=+x" time="0.860641">
			<system-out>{
&quot;changed&quot;: true,
&quot;checksum_dest&quot;: null,
&quot;checksum_src&quot;: &quot;223f149e2048c7d18fd6a57af213c4d451a06a42&quot;,
&quot;dest&quot;: &quot;/usr/local/bin/docker-compose&quot;,
&quot;elapsed&quot;: 0,
&quot;gid&quot;: 0,
&quot;group&quot;: &quot;root&quot;,
&quot;md5sum&quot;: &quot;df94d0cee88e15ab28fb95b0b2204f99&quot;,
&quot;mode&quot;: &quot;0755&quot;,
&quot;msg&quot;: &quot;OK (16154160 bytes)&quot;,
&quot;owner&quot;: &quot;root&quot;,
&quot;size&quot;: 16154160,
&quot;src&quot;: &quot;/home/kitchen/.ansible/tmp/ansible-tmp-1577786136.346295-111532477258486/tmpG5l6nY&quot;,
&quot;state&quot;: &quot;file&quot;,
&quot;status_code&quot;: 200,
&quot;uid&quot;: 0,
&quot;url&quot;: &quot;https://github.com/docker/compose/releases/download/1.24.0/docker-compose-Linux-x86_64&quot;
}</system-out>
		</testcase>
		<testcase classname="/home/runner/work/sakura_cloud_sandbox/sakura_cloud_sandbox/roles/docker/tasks/main.yml:53" name="[ubuntu] Apply for ubuntu: docker : Ensure docker service is enabled name=docker, state=started, enabled=True" time="0.013340">
			<skipped message="Conditional result was False" type="skipped"/>
		</testcase>
	</testsuite>
</testsuites>
